<?xml version="1.0" encoding="UTF-8"?>
<coverage generated="1692763528122" clover="3.2.0">
  <project timestamp="1692763528122" name="All files">
    <metrics statements="163" coveredstatements="133" conditionals="38" coveredconditionals="28" methods="53" coveredmethods="32" elements="254" coveredelements="193" complexity="0" loc="163" ncloc="163" packages="6" files="14" classes="14"/>
    <package name="src">
      <metrics statements="19" coveredstatements="10" conditionals="2" coveredconditionals="0" methods="8" coveredmethods="1"/>
      <file name="App.vue" path="C:\Users\ashle\Development\craft-demo\client\src\App.vue">
        <metrics statements="10" coveredstatements="10" conditionals="0" coveredconditionals="0" methods="1" coveredmethods="1"/>
        <line num="4" count="1" type="stmt"/>
        <line num="5" count="1" type="stmt"/>
        <line num="8" count="1" type="stmt"/>
        <line num="40" count="1" type="stmt"/>
        <line num="43" count="1" type="stmt"/>
        <line num="44" count="1" type="stmt"/>
        <line num="45" count="1" type="stmt"/>
        <line num="49" count="2" type="stmt"/>
        <line num="50" count="2" type="stmt"/>
        <line num="51" count="1" type="stmt"/>
      </file>
      <file name="registerServiceWorker.js" path="C:\Users\ashle\Development\craft-demo\client\src\registerServiceWorker.js">
        <metrics statements="9" coveredstatements="0" conditionals="2" coveredconditionals="0" methods="7" coveredmethods="0"/>
        <line num="5" count="0" type="cond" truecount="0" falsecount="2"/>
        <line num="6" count="0" type="stmt"/>
        <line num="8" count="0" type="stmt"/>
        <line num="14" count="0" type="stmt"/>
        <line num="17" count="0" type="stmt"/>
        <line num="20" count="0" type="stmt"/>
        <line num="23" count="0" type="stmt"/>
        <line num="26" count="0" type="stmt"/>
        <line num="31" count="0" type="stmt"/>
      </file>
    </package>
    <package name="src.components">
      <metrics statements="84" coveredstatements="83" conditionals="12" coveredconditionals="12" methods="17" coveredmethods="16"/>
      <file name="AvatarImage.vue" path="C:\Users\ashle\Development\craft-demo\client\src\components\AvatarImage.vue">
        <metrics statements="10" coveredstatements="10" conditionals="0" coveredconditionals="0" methods="1" coveredmethods="1"/>
        <line num="4" count="7" type="stmt"/>
        <line num="5" count="7" type="stmt"/>
        <line num="8" count="7" type="stmt"/>
        <line num="89" count="7" type="stmt"/>
        <line num="92" count="7" type="stmt"/>
        <line num="93" count="7" type="stmt"/>
        <line num="94" count="7" type="stmt"/>
        <line num="97" count="7" type="stmt"/>
        <line num="99" count="39" type="stmt"/>
        <line num="103" count="7" type="stmt"/>
      </file>
      <file name="Header.vue" path="C:\Users\ashle\Development\craft-demo\client\src\components\Header.vue">
        <metrics statements="16" coveredstatements="15" conditionals="2" coveredconditionals="2" methods="5" coveredmethods="4"/>
        <line num="4" count="2" type="stmt"/>
        <line num="5" count="2" type="stmt"/>
        <line num="8" count="2" type="stmt"/>
        <line num="106" count="2" type="stmt"/>
        <line num="109" count="2" type="stmt"/>
        <line num="110" count="2" type="stmt"/>
        <line num="111" count="2" type="stmt"/>
        <line num="114" count="2" type="stmt"/>
        <line num="117" count="2" type="stmt"/>
        <line num="120" count="8" type="stmt"/>
        <line num="121" count="8" type="stmt"/>
        <line num="124" count="6" type="stmt"/>
        <line num="130" count="0" type="cond" truecount="2" falsecount="0"/>
        <line num="133" count="2" type="stmt"/>
        <line num="134" count="4" type="stmt"/>
        <line num="142" count="2" type="stmt"/>
      </file>
      <file name="NoficationButton.vue" path="C:\Users\ashle\Development\craft-demo\client\src\components\NoficationButton.vue">
        <metrics statements="11" coveredstatements="11" conditionals="2" coveredconditionals="2" methods="2" coveredmethods="2"/>
        <line num="4" count="3" type="stmt"/>
        <line num="7" count="3" type="stmt"/>
        <line num="66" count="3" type="stmt"/>
        <line num="69" count="3" type="stmt"/>
        <line num="70" count="3" type="stmt"/>
        <line num="71" count="3" type="stmt"/>
        <line num="74" count="3" type="stmt"/>
        <line num="80" count="3" type="stmt"/>
        <line num="82" count="12" type="stmt"/>
        <line num="83" count="3" type="cond" truecount="2" falsecount="0"/>
        <line num="90" count="3" type="stmt"/>
      </file>
      <file name="PostCard.vue" path="C:\Users\ashle\Development\craft-demo\client\src\components\PostCard.vue">
        <metrics statements="13" coveredstatements="13" conditionals="2" coveredconditionals="2" methods="1" coveredmethods="1"/>
        <line num="4" count="6" type="stmt"/>
        <line num="5" count="6" type="stmt"/>
        <line num="8" count="6" type="stmt"/>
        <line num="53" count="6" type="stmt"/>
        <line num="56" count="6" type="stmt"/>
        <line num="57" count="6" type="stmt"/>
        <line num="58" count="6" type="stmt"/>
        <line num="62" count="6" type="stmt"/>
        <line num="65" count="6" type="stmt"/>
        <line num="68" count="6" type="stmt"/>
        <line num="71" count="6" type="stmt"/>
        <line num="75" count="35" type="cond" truecount="2" falsecount="0"/>
        <line num="79" count="6" type="stmt"/>
      </file>
      <file name="PostCollection.vue" path="C:\Users\ashle\Development\craft-demo\client\src\components\PostCollection.vue">
        <metrics statements="10" coveredstatements="10" conditionals="0" coveredconditionals="0" methods="2" coveredmethods="2"/>
        <line num="4" count="5" type="stmt"/>
        <line num="5" count="5" type="stmt"/>
        <line num="8" count="5" type="stmt"/>
        <line num="85" count="5" type="stmt"/>
        <line num="88" count="5" type="stmt"/>
        <line num="89" count="5" type="stmt"/>
        <line num="90" count="5" type="stmt"/>
        <line num="94" count="4" type="stmt"/>
        <line num="95" count="12" type="stmt"/>
        <line num="100" count="5" type="stmt"/>
      </file>
      <file name="PostForm.vue" path="C:\Users\ashle\Development\craft-demo\client\src\components\PostForm.vue">
        <metrics statements="11" coveredstatements="11" conditionals="4" coveredconditionals="4" methods="3" coveredmethods="3"/>
        <line num="4" count="3" type="stmt"/>
        <line num="7" count="3" type="stmt"/>
        <line num="81" count="3" type="stmt"/>
        <line num="84" count="3" type="stmt"/>
        <line num="85" count="3" type="stmt"/>
        <line num="86" count="3" type="stmt"/>
        <line num="87" count="3" type="stmt"/>
        <line num="92" count="25" type="stmt"/>
        <line num="99" count="3" type="cond" truecount="2" falsecount="0"/>
        <line num="103" count="3" type="cond" truecount="2" falsecount="0"/>
        <line num="105" count="3" type="stmt"/>
      </file>
      <file name="PostThread.vue" path="C:\Users\ashle\Development\craft-demo\client\src\components\PostThread.vue">
        <metrics statements="13" coveredstatements="13" conditionals="2" coveredconditionals="2" methods="3" coveredmethods="3"/>
        <line num="4" count="5" type="stmt"/>
        <line num="5" count="5" type="stmt"/>
        <line num="8" count="5" type="stmt"/>
        <line num="46" count="5" type="stmt"/>
        <line num="49" count="5" type="stmt"/>
        <line num="50" count="5" type="stmt"/>
        <line num="51" count="5" type="stmt"/>
        <line num="55" count="5" type="stmt"/>
        <line num="59" count="16" type="stmt"/>
        <line num="60" count="16" type="cond" truecount="2" falsecount="0"/>
        <line num="63" count="16" type="stmt"/>
        <line num="66" count="16" type="stmt"/>
        <line num="72" count="5" type="stmt"/>
      </file>
    </package>
    <package name="src.router">
      <metrics statements="3" coveredstatements="0" conditionals="0" coveredconditionals="0" methods="1" coveredmethods="0"/>
      <file name="index.js" path="C:\Users\ashle\Development\craft-demo\client\src\router\index.js">
        <metrics statements="3" coveredstatements="0" conditionals="0" coveredconditionals="0" methods="1" coveredmethods="0"/>
        <line num="4" count="0" type="stmt"/>
        <line num="14" count="0" type="stmt"/>
        <line num="20" count="0" type="stmt"/>
      </file>
    </package>
    <package name="src.store">
      <metrics statements="26" coveredstatements="9" conditionals="6" coveredconditionals="0" methods="21" coveredmethods="9"/>
      <file name="index.js" path="C:\Users\ashle\Development\craft-demo\client\src\store\index.js">
        <metrics statements="26" coveredstatements="9" conditionals="6" coveredconditionals="0" methods="21" coveredmethods="9"/>
        <line num="7" count="32" type="stmt"/>
        <line num="48" count="12" type="stmt"/>
        <line num="49" count="42" type="stmt"/>
        <line num="52" count="3" type="stmt"/>
        <line num="53" count="3" type="stmt"/>
        <line num="54" count="3" type="stmt"/>
        <line num="60" count="12" type="stmt"/>
        <line num="63" count="0" type="stmt"/>
        <line num="66" count="0" type="stmt"/>
        <line num="75" count="0" type="stmt"/>
        <line num="81" count="3" type="stmt"/>
        <line num="86" count="1" type="stmt"/>
        <line num="89" count="0" type="cond" truecount="0" falsecount="2"/>
        <line num="90" count="0" type="stmt"/>
        <line num="91" count="0" type="stmt"/>
        <line num="94" count="0" type="stmt"/>
        <line num="97" count="0" type="stmt"/>
        <line num="100" count="0" type="cond" truecount="0" falsecount="2"/>
        <line num="101" count="0" type="stmt"/>
        <line num="104" count="0" type="stmt"/>
        <line num="107" count="0" type="stmt"/>
        <line num="110" count="0" type="cond" truecount="0" falsecount="2"/>
        <line num="111" count="0" type="stmt"/>
        <line num="112" count="0" type="stmt"/>
        <line num="113" count="0" type="stmt"/>
        <line num="116" count="0" type="stmt"/>
      </file>
    </package>
    <package name="src.utils">
      <metrics statements="1" coveredstatements="1" conditionals="2" coveredconditionals="2" methods="1" coveredmethods="1"/>
      <file name="getImage.js" path="C:\Users\ashle\Development\craft-demo\client\src\utils\getImage.js">
        <metrics statements="1" coveredstatements="1" conditionals="2" coveredconditionals="2" methods="1" coveredmethods="1"/>
        <line num="1" count="53" type="cond" truecount="2" falsecount="0"/>
      </file>
    </package>
    <package name="src.views">
      <metrics statements="30" coveredstatements="30" conditionals="16" coveredconditionals="14" methods="5" coveredmethods="5"/>
      <file name="HomeView.vue" path="C:\Users\ashle\Development\craft-demo\client\src\views\HomeView.vue">
        <metrics statements="9" coveredstatements="9" conditionals="0" coveredconditionals="0" methods="1" coveredmethods="1"/>
        <line num="4" count="4" type="stmt"/>
        <line num="5" count="4" type="stmt"/>
        <line num="8" count="4" type="stmt"/>
        <line num="40" count="4" type="stmt"/>
        <line num="43" count="4" type="stmt"/>
        <line num="44" count="4" type="stmt"/>
        <line num="45" count="4" type="stmt"/>
        <line num="49" count="1" type="stmt"/>
        <line num="50" count="4" type="stmt"/>
      </file>
      <file name="PostExpanded.vue" path="C:\Users\ashle\Development\craft-demo\client\src\views\PostExpanded.vue">
        <metrics statements="21" coveredstatements="21" conditionals="16" coveredconditionals="14" methods="4" coveredmethods="4"/>
        <line num="4" count="2" type="stmt"/>
        <line num="5" count="2" type="stmt"/>
        <line num="8" count="2" type="stmt"/>
        <line num="159" count="2" type="stmt"/>
        <line num="162" count="2" type="stmt"/>
        <line num="163" count="2" type="stmt"/>
        <line num="164" count="2" type="stmt"/>
        <line num="168" count="2" type="stmt"/>
        <line num="171" count="2" type="stmt"/>
        <line num="174" count="2" type="stmt"/>
        <line num="177" count="2" type="stmt"/>
        <line num="178" count="2" type="stmt"/>
        <line num="181" count="2" type="stmt"/>
        <line num="184" count="2" type="stmt"/>
        <line num="187" count="2" type="stmt"/>
        <line num="188" count="2" type="stmt"/>
        <line num="192" count="27" type="cond" truecount="1" falsecount="1"/>
        <line num="199" count="14" type="stmt"/>
        <line num="203" count="14" type="stmt"/>
        <line num="213" count="52" type="stmt"/>
        <line num="222" count="2" type="stmt"/>
      </file>
    </package>
  </project>
</coverage>
