{"C:\\Users\\ashle\\Development\\craft-demo\\client\\src\\App.vue": {"path":"C:\\Users\\ashle\\Development\\craft-demo\\client\\src\\App.vue","statementMap":{"0":{"start":{"line":4,"column":29},"end":{"line":4,"column":153}},"1":{"start":{"line":5,"column":0},"end":{"line":7,"column":3}},"2":{"start":{"line":8,"column":0},"end":{"line":8,"column":25}},"3":{"start":{"line":40,"column":0},"end":{"line":42,"column":3}},"4":{"start":{"line":43,"column":0},"end":{"line":43,"column":24}},"5":{"start":{"line":44,"column":11},"end":{"line":44,"column":25}},"6":{"start":{"line":45,"column":19},"end":{"line":47,"column":1}},"7":{"start":{"line":49,"column":33},"end":{"line":49,"column":74}},"8":{"start":{"line":50,"column":2},"end":{"line":50,"column":250}},"9":{"start":{"line":51,"column":2},"end":{"line":51,"column":49}}},"fnMap":{"0":{"name":"render","decl":{"start":{"line":48,"column":9},"end":{"line":48,"column":15}},"loc":{"start":{"line":48,"column":63},"end":{"line":51,"column":1}},"line":48}},"branchMap":{},"s":{"0":1,"1":1,"2":1,"3":1,"4":1,"5":1,"6":1,"7":2,"8":2,"9":1},"f":{"0":2},"b":{},"inputSourceMap":{"0":"{","1":"\"","2":"v","3":"e","4":"r","5":"s","6":"i","7":"o","8":"n","9":"\"","10":":","11":"3","12":",","13":"\"","14":"s","15":"o","16":"u","17":"r","18":"c","19":"e","20":"s","21":"\"","22":":","23":"[","24":"\"","25":"C","26":":","27":"/","28":"U","29":"s","30":"e","31":"r","32":"s","33":"/","34":"a","35":"s","36":"h","37":"l","38":"e","39":"/","40":"D","41":"e","42":"v","43":"e","44":"l","45":"o","46":"p","47":"m","48":"e","49":"n","50":"t","51":"/","52":"c","53":"r","54":"a","55":"f","56":"t","57":"-","58":"d","59":"e","60":"m","61":"o","62":"/","63":"c","64":"l","65":"i","66":"e","67":"n","68":"t","69":"/","70":"s","71":"r","72":"c","73":"/","74":"A","75":"p","76":"p","77":".","78":"v","79":"u","80":"e","81":"\"","82":"]","83":",","84":"\"","85":"n","86":"a","87":"m","88":"e","89":"s","90":"\"","91":":","92":"[","93":"]","94":",","95":"\"","96":"m","97":"a","98":"p","99":"p","100":"i","101":"n","102":"g","103":"s","104":"\"","105":":","106":"\"","107":";","108":";","109":";","110":";","111":";","112":";","113":";","114":";","115":"A","116":"A","117":"Q","118":"A","119":";","120":"A","121":"A","122":"A","123":"A","124":";","125":"A","126":"A","127":"A","128":"A","129":";","130":"A","131":"A","132":"A","133":"y","134":"C","135":";","136":"A","137":"A","138":"A","139":"A","140":"\"","141":",","142":"\"","143":"f","144":"i","145":"l","146":"e","147":"\"","148":":","149":"\"","150":"C","151":":","152":"\\","153":"\\","154":"U","155":"s","156":"e","157":"r","158":"s","159":"\\","160":"\\","161":"a","162":"s","163":"h","164":"l","165":"e","166":"\\","167":"\\","168":"D","169":"e","170":"v","171":"e","172":"l","173":"o","174":"p","175":"m","176":"e","177":"n","178":"t","179":"\\","180":"\\","181":"c","182":"r","183":"a","184":"f","185":"t","186":"-","187":"d","188":"e","189":"m","190":"o","191":"\\","192":"\\","193":"c","194":"l","195":"i","196":"e","197":"n","198":"t","199":"\\","200":"\\","201":"s","202":"r","203":"c","204":"\\","205":"\\","206":"A","207":"p","208":"p","209":".","210":"v","211":"u","212":"e","213":"\"","214":",","215":"\"","216":"s","217":"o","218":"u","219":"r","220":"c","221":"e","222":"s","223":"C","224":"o","225":"n","226":"t","227":"e","228":"n","229":"t","230":"\"","231":":","232":"[","233":"\"","234":"<","235":"t","236":"e","237":"m","238":"p","239":"l","240":"a","241":"t","242":"e","243":">","244":"\\","245":"n","246":" ","247":" ","248":"<","249":"H","250":"e","251":"a","252":"d","253":"e","254":"r","255":" ","256":"/","257":">","258":"\\","259":"n","260":" ","261":" ","262":"<","263":"m","264":"a","265":"i","266":"n","267":" ","268":"c","269":"l","270":"a","271":"s","272":"s","273":"=","274":"\\","275":"\"","276":"m","277":"a","278":"i","279":"n","280":"\\","281":"\"","282":">","283":"\\","284":"n","285":" ","286":" ","287":" ","288":" ","289":"<","290":"r","291":"o","292":"u","293":"t","294":"e","295":"r","296":"-","297":"v","298":"i","299":"e","300":"w","301":" ","302":"/","303":">","304":"\\","305":"n","306":" ","307":" ","308":"<","309":"/","310":"m","311":"a","312":"i","313":"n","314":">","315":"\\","316":"n","317":"<","318":"/","319":"t","320":"e","321":"m","322":"p","323":"l","324":"a","325":"t","326":"e","327":">","328":"\\","329":"n","330":"\\","331":"n","332":"<","333":"s","334":"c","335":"r","336":"i","337":"p","338":"t","339":" ","340":"s","341":"e","342":"t","343":"u","344":"p","345":">","346":"\\","347":"n","348":"i","349":"m","350":"p","351":"o","352":"r","353":"t","354":" ","355":"H","356":"e","357":"a","358":"d","359":"e","360":"r","361":" ","362":"f","363":"r","364":"o","365":"m","366":" ","367":"'","368":".","369":"/","370":"c","371":"o","372":"m","373":"p","374":"o","375":"n","376":"e","377":"n","378":"t","379":"s","380":"/","381":"H","382":"e","383":"a","384":"d","385":"e","386":"r","387":"'","388":";","389":"\\","390":"n","391":"<","392":"/","393":"s","394":"c","395":"r","396":"i","397":"p","398":"t","399":">","400":"\\","401":"n","402":"\\","403":"n","404":"<","405":"s","406":"t","407":"y","408":"l","409":"e","410":" ","411":"l","412":"a","413":"n","414":"g","415":"=","416":"\\","417":"\"","418":"s","419":"c","420":"s","421":"s","422":"\\","423":"\"","424":">","425":"\\","426":"n","427":"b","428":"o","429":"d","430":"y","431":" ","432":"{","433":"\\","434":"n","435":" ","436":" ","437":"b","438":"a","439":"c","440":"k","441":"g","442":"r","443":"o","444":"u","445":"n","446":"d","447":"-","448":"c","449":"o","450":"l","451":"o","452":"r","453":":","454":" ","455":"#","456":"e","457":"d","458":"e","459":"d","460":"e","461":"d","462":";","463":"\\","464":"n","465":"}","466":"\\","467":"n","468":"h","469":"e","470":"a","471":"d","472":"e","473":"r","474":" ","475":"{","476":"\\","477":"n","478":" ","479":" ","480":"d","481":"i","482":"s","483":"p","484":"l","485":"a","486":"y","487":":","488":" ","489":"f","490":"l","491":"e","492":"x","493":";","494":"\\","495":"n","496":" ","497":" ","498":"j","499":"u","500":"s","501":"t","502":"i","503":"f","504":"y","505":"-","506":"c","507":"o","508":"n","509":"t","510":"e","511":"n","512":"t","513":":","514":" ","515":"s","516":"p","517":"a","518":"c","519":"e","520":"-","521":"b","522":"e","523":"t","524":"w","525":"e","526":"e","527":"n","528":";","529":"\\","530":"n","531":" ","532":" ","533":"a","534":"l","535":"i","536":"g","537":"n","538":"-","539":"i","540":"t","541":"e","542":"m","543":"s","544":":","545":" ","546":"c","547":"e","548":"n","549":"t","550":"e","551":"r","552":";","553":"\\","554":"n","555":" ","556":" ","557":"m","558":"a","559":"r","560":"g","561":"i","562":"n","563":"-","564":"b","565":"o","566":"t","567":"t","568":"o","569":"m","570":":","571":" ","572":"2","573":"4","574":"p","575":"x","576":";","577":"\\","578":"n","579":" ","580":" ","581":"b","582":"a","583":"c","584":"k","585":"g","586":"r","587":"o","588":"u","589":"n","590":"d","591":"-","592":"c","593":"o","594":"l","595":"o","596":"r","597":":","598":" ","599":"l","600":"i","601":"g","602":"h","603":"t","604":"b","605":"l","606":"u","607":"e","608":";","609":"\\","610":"n","611":" ","612":" ","613":"p","614":"o","615":"s","616":"i","617":"t","618":"i","619":"o","620":"n","621":":","622":" ","623":"f","624":"i","625":"x","626":"e","627":"d","628":";","629":"\\","630":"n","631":" ","632":" ","633":"t","634":"o","635":"p","636":":","637":" ","638":"0","639":";","640":"\\","641":"n","642":" ","643":" ","644":"l","645":"e","646":"f","647":"t","648":":","649":" ","650":"0","651":";","652":"\\","653":"n","654":" ","655":" ","656":"w","657":"i","658":"d","659":"t","660":"h","661":":","662":" ","663":"1","664":"0","665":"0","666":"%","667":";","668":"\\","669":"n","670":"}","671":"\\","672":"n","673":"#","674":"a","675":"p","676":"p","677":" ","678":"{","679":"\\","680":"n","681":" ","682":" ","683":"f","684":"o","685":"n","686":"t","687":"-","688":"f","689":"a","690":"m","691":"i","692":"l","693":"y","694":":","695":" ","696":"A","697":"v","698":"e","699":"n","700":"i","701":"r","702":",","703":" ","704":"H","705":"e","706":"l","707":"v","708":"e","709":"t","710":"i","711":"c","712":"a","713":",","714":" ","715":"A","716":"r","717":"i","718":"a","719":"l","720":",","721":" ","722":"s","723":"a","724":"n","725":"s","726":"-","727":"s","728":"e","729":"r","730":"i","731":"f","732":";","733":"\\","734":"n","735":" ","736":" ","737":"-","738":"w","739":"e","740":"b","741":"k","742":"i","743":"t","744":"-","745":"f","746":"o","747":"n","748":"t","749":"-","750":"s","751":"m","752":"o","753":"o","754":"t","755":"h","756":"i","757":"n","758":"g","759":":","760":" ","761":"a","762":"n","763":"t","764":"i","765":"a","766":"l","767":"i","768":"a","769":"s","770":"e","771":"d","772":";","773":"\\","774":"n","775":" ","776":" ","777":"-","778":"m","779":"o","780":"z","781":"-","782":"o","783":"s","784":"x","785":"-","786":"f","787":"o","788":"n","789":"t","790":"-","791":"s","792":"m","793":"o","794":"o","795":"t","796":"h","797":"i","798":"n","799":"g","800":":","801":" ","802":"g","803":"r","804":"a","805":"y","806":"s","807":"c","808":"a","809":"l","810":"e","811":";","812":"\\","813":"n","814":" ","815":" ","816":"t","817":"e","818":"x","819":"t","820":"-","821":"a","822":"l","823":"i","824":"g","825":"n","826":":","827":" ","828":"l","829":"e","830":"f","831":"t","832":";","833":"\\","834":"n","835":" ","836":" ","837":"c","838":"o","839":"l","840":"o","841":"r","842":":","843":" ","844":"b","845":"l","846":"a","847":"c","848":"k","849":";","850":"\\","851":"n","852":"}","853":"\\","854":"n","855":"\\","856":"n","857":".","858":"m","859":"a","860":"i","861":"n","862":" ","863":"{","864":"\\","865":"n","866":" ","867":" ","868":"d","869":"i","870":"s","871":"p","872":"l","873":"a","874":"y","875":":","876":" ","877":"f","878":"l","879":"e","880":"x","881":";","882":"\\","883":"n","884":" ","885":" ","886":"f","887":"l","888":"e","889":"x","890":"-","891":"d","892":"i","893":"r","894":"e","895":"c","896":"t","897":"i","898":"o","899":"n","900":":","901":" ","902":"c","903":"o","904":"l","905":"u","906":"m","907":"n","908":";","909":"\\","910":"n","911":" ","912":" ","913":"j","914":"u","915":"s","916":"t","917":"i","918":"f","919":"y","920":"-","921":"c","922":"o","923":"n","924":"t","925":"e","926":"n","927":"t","928":":","929":" ","930":"c","931":"e","932":"n","933":"t","934":"e","935":"r","936":";","937":"\\","938":"n","939":" ","940":" ","941":"p","942":"a","943":"d","944":"d","945":"i","946":"n","947":"g","948":":","949":" ","950":"1","951":"0","952":"0","953":"p","954":"x","955":" ","956":"2","957":"0","958":"p","959":"x","960":";","961":"\\","962":"n","963":" ","964":" ","965":"@","966":"m","967":"e","968":"d","969":"i","970":"a","971":" ","972":"o","973":"n","974":"l","975":"y","976":" ","977":"s","978":"c","979":"r","980":"e","981":"e","982":"n","983":" ","984":"a","985":"n","986":"d","987":" ","988":"(","989":"m","990":"i","991":"n","992":"-","993":"w","994":"i","995":"d","996":"t","997":"h","998":":","999":" ","1000":"1","1001":"0","1002":"2","1003":"4","1004":"p","1005":"x","1006":")","1007":" ","1008":"{","1009":"\\","1010":"n","1011":" ","1012":" ","1013":" ","1014":" ","1015":"p","1016":"a","1017":"d","1018":"d","1019":"i","1020":"n","1021":"g","1022":":","1023":" ","1024":"1","1025":"0","1026":"0","1027":"p","1028":"x","1029":" ","1030":"2","1031":"0","1032":"%","1033":";","1034":"\\","1035":"n","1036":" ","1037":" ","1038":"}","1039":"\\","1040":"n","1041":"}","1042":"\\","1043":"n","1044":"p","1045":" ","1046":"{","1047":"\\","1048":"n","1049":" ","1050":" ","1051":"f","1052":"o","1053":"n","1054":"t","1055":"-","1056":"s","1057":"i","1058":"z","1059":"e","1060":":","1061":" ","1062":"1","1063":"6","1064":"p","1065":"x","1066":";","1067":"\\","1068":"n","1069":"}","1070":"\\","1071":"n","1072":"<","1073":"/","1074":"s","1075":"t","1076":"y","1077":"l","1078":"e","1079":">","1080":"\\","1081":"n","1082":"\"","1083":"]","1084":"}"},"_coverageSchema":"1a1c01bbd47fc00a2c39e90264f33305004495a9","hash":"bd0cf63a6df49d30d2921ebe8572dc4c418c9cd7"}
,"C:\\Users\\ashle\\Development\\craft-demo\\client\\src\\registerServiceWorker.js": {"path":"C:\\Users\\ashle\\Development\\craft-demo\\client\\src\\registerServiceWorker.js","statementMap":{"0":{"start":{"line":5,"column":0},"end":{"line":34,"column":1}},"1":{"start":{"line":6,"column":2},"end":{"line":33,"column":5}},"2":{"start":{"line":8,"column":6},"end":{"line":11,"column":8}},"3":{"start":{"line":14,"column":6},"end":{"line":14,"column":57}},"4":{"start":{"line":17,"column":6},"end":{"line":17,"column":62}},"5":{"start":{"line":20,"column":6},"end":{"line":20,"column":49}},"6":{"start":{"line":23,"column":6},"end":{"line":23,"column":63}},"7":{"start":{"line":26,"column":6},"end":{"line":28,"column":8}},"8":{"start":{"line":31,"column":6},"end":{"line":31,"column":72}}},"fnMap":{"0":{"name":"(anonymous_0)","decl":{"start":{"line":7,"column":4},"end":{"line":7,"column":5}},"loc":{"start":{"line":7,"column":12},"end":{"line":12,"column":5}},"line":7},"1":{"name":"(anonymous_1)","decl":{"start":{"line":13,"column":4},"end":{"line":13,"column":5}},"loc":{"start":{"line":13,"column":17},"end":{"line":15,"column":5}},"line":13},"2":{"name":"(anonymous_2)","decl":{"start":{"line":16,"column":4},"end":{"line":16,"column":5}},"loc":{"start":{"line":16,"column":13},"end":{"line":18,"column":5}},"line":16},"3":{"name":"(anonymous_3)","decl":{"start":{"line":19,"column":4},"end":{"line":19,"column":5}},"loc":{"start":{"line":19,"column":18},"end":{"line":21,"column":5}},"line":19},"4":{"name":"(anonymous_4)","decl":{"start":{"line":22,"column":4},"end":{"line":22,"column":5}},"loc":{"start":{"line":22,"column":14},"end":{"line":24,"column":5}},"line":22},"5":{"name":"(anonymous_5)","decl":{"start":{"line":25,"column":4},"end":{"line":25,"column":5}},"loc":{"start":{"line":25,"column":14},"end":{"line":29,"column":5}},"line":25},"6":{"name":"(anonymous_6)","decl":{"start":{"line":30,"column":4},"end":{"line":30,"column":5}},"loc":{"start":{"line":30,"column":17},"end":{"line":32,"column":5}},"line":30}},"branchMap":{"0":{"loc":{"start":{"line":5,"column":0},"end":{"line":34,"column":1}},"type":"if","locations":[{"start":{"line":5,"column":0},"end":{"line":34,"column":1}},{"start":{},"end":{}}],"line":5}},"s":{"0":0,"1":0,"2":0,"3":0,"4":0,"5":0,"6":0,"7":0,"8":0},"f":{"0":0,"1":0,"2":0,"3":0,"4":0,"5":0,"6":0},"b":{"0":[0,0]}}
,"C:\\Users\\ashle\\Development\\craft-demo\\client\\src\\components\\AvatarImage.vue": {"path":"C:\\Users\\ashle\\Development\\craft-demo\\client\\src\\components\\AvatarImage.vue","statementMap":{"0":{"start":{"line":4,"column":29},"end":{"line":4,"column":153}},"1":{"start":{"line":5,"column":0},"end":{"line":7,"column":3}},"2":{"start":{"line":8,"column":0},"end":{"line":8,"column":25}},"3":{"start":{"line":89,"column":0},"end":{"line":91,"column":3}},"4":{"start":{"line":92,"column":0},"end":{"line":92,"column":24}},"5":{"start":{"line":93,"column":11},"end":{"line":93,"column":25}},"6":{"start":{"line":94,"column":19},"end":{"line":96,"column":1}},"7":{"start":{"line":97,"column":19},"end":{"line":97,"column":33}},"8":{"start":{"line":99,"column":2},"end":{"line":102,"column":40}},"9":{"start":{"line":103,"column":2},"end":{"line":103,"column":49}}},"fnMap":{"0":{"name":"render","decl":{"start":{"line":98,"column":9},"end":{"line":98,"column":15}},"loc":{"start":{"line":98,"column":63},"end":{"line":103,"column":1}},"line":98}},"branchMap":{},"s":{"0":7,"1":7,"2":7,"3":7,"4":7,"5":7,"6":7,"7":7,"8":39,"9":7},"f":{"0":39},"b":{},"inputSourceMap":{"0":"{","1":"\"","2":"v","3":"e","4":"r","5":"s","6":"i","7":"o","8":"n","9":"\"","10":":","11":"3","12":",","13":"\"","14":"s","15":"o","16":"u","17":"r","18":"c","19":"e","20":"s","21":"\"","22":":","23":"[","24":"\"","25":"C","26":":","27":"/","28":"U","29":"s","30":"e","31":"r","32":"s","33":"/","34":"a","35":"s","36":"h","37":"l","38":"e","39":"/","40":"D","41":"e","42":"v","43":"e","44":"l","45":"o","46":"p","47":"m","48":"e","49":"n","50":"t","51":"/","52":"c","53":"r","54":"a","55":"f","56":"t","57":"-","58":"d","59":"e","60":"m","61":"o","62":"/","63":"c","64":"l","65":"i","66":"e","67":"n","68":"t","69":"/","70":"s","71":"r","72":"c","73":"/","74":"c","75":"o","76":"m","77":"p","78":"o","79":"n","80":"e","81":"n","82":"t","83":"s","84":"/","85":"A","86":"v","87":"a","88":"t","89":"a","90":"r","91":"I","92":"m","93":"a","94":"g","95":"e","96":".","97":"v","98":"u","99":"e","100":"\"","101":"]","102":",","103":"\"","104":"n","105":"a","106":"m","107":"e","108":"s","109":"\"","110":":","111":"[","112":"]","113":",","114":"\"","115":"m","116":"a","117":"p","118":"p","119":"i","120":"n","121":"g","122":"s","123":"\"","124":":","125":"\"","126":";","127":";","128":";","129":";","130":";","131":";","132":";","133":";","134":";","135":";","136":";","137":"A","138":"A","139":"Q","140":"A","141":";","142":"A","143":"A","144":"A","145":"A","146":";","147":"A","148":"A","149":"A","150":"A","151":";","152":"A","153":"A","154":"A","155":"y","156":"C","157":";","158":"A","159":"A","160":"A","161":"A","162":";","163":";","164":";","165":";","166":";","167":";","168":";","169":";","170":";","171":";","172":";","173":";","174":";","175":";","176":";","177":";","178":";","179":";","180":";","181":";","182":";","183":";","184":";","185":";","186":";","187":";","188":";","189":";","190":";","191":";","192":";","193":";","194":";","195":";","196":";","197":";","198":";","199":";","200":";","201":";","202":";","203":";","204":";","205":";","206":";","207":"I","208":"A","209":"a","210":"z","211":"C","212":";","213":"I","214":"A","215":"C","216":"A","217":",","218":"M","219":"A","220":"A","221":"M","222":",","223":"K","224":"A","225":"A","226":"K","227":",","228":"G","229":"A","230":"A","231":"G","232":",","233":"K","234":"A","235":"A","236":"K","237":",","238":"C","239":"A","240":"A","241":"C","242":",","243":"I","244":"A","245":"A","246":"I","247":",","248":"E","249":"A","250":"A","251":"E","252":",","253":"K","254":"A","255":"A","256":"K","257":";","258":"I","259":"A","260":"C","261":"/","262":"B","263":";","264":"I","265":"A","266":"C","267":"A","268":",","269":"M","270":"A","271":"A","272":"M","273":",","274":"M","275":"A","276":"A","277":"M","278":",","279":"G","280":"A","281":"A","282":"G","283":",","284":"K","285":"A","286":"A","287":"K","288":",","289":"C","290":"A","291":"A","292":"C","293":",","294":"I","295":"A","296":"A","297":"I","298":",","299":"E","300":"A","301":"A","302":"E","303":",","304":"M","305":"A","306":"A","307":"M","308":"\"","309":",","310":"\"","311":"f","312":"i","313":"l","314":"e","315":"\"","316":":","317":"\"","318":"C","319":":","320":"\\","321":"\\","322":"U","323":"s","324":"e","325":"r","326":"s","327":"\\","328":"\\","329":"a","330":"s","331":"h","332":"l","333":"e","334":"\\","335":"\\","336":"D","337":"e","338":"v","339":"e","340":"l","341":"o","342":"p","343":"m","344":"e","345":"n","346":"t","347":"\\","348":"\\","349":"c","350":"r","351":"a","352":"f","353":"t","354":"-","355":"d","356":"e","357":"m","358":"o","359":"\\","360":"\\","361":"c","362":"l","363":"i","364":"e","365":"n","366":"t","367":"\\","368":"\\","369":"s","370":"r","371":"c","372":"\\","373":"\\","374":"c","375":"o","376":"m","377":"p","378":"o","379":"n","380":"e","381":"n","382":"t","383":"s","384":"\\","385":"\\","386":"A","387":"v","388":"a","389":"t","390":"a","391":"r","392":"I","393":"m","394":"a","395":"g","396":"e","397":".","398":"v","399":"u","400":"e","401":"\"","402":",","403":"\"","404":"s","405":"o","406":"u","407":"r","408":"c","409":"e","410":"s","411":"C","412":"o","413":"n","414":"t","415":"e","416":"n","417":"t","418":"\"","419":":","420":"[","421":"\"","422":"<","423":"t","424":"e","425":"m","426":"p","427":"l","428":"a","429":"t","430":"e","431":">","432":"\\","433":"r","434":"\\","435":"n","436":" ","437":" ","438":"<","439":"d","440":"i","441":"v","442":" ","443":"c","444":"l","445":"a","446":"s","447":"s","448":"=","449":"\\","450":"\"","451":"a","452":"v","453":"a","454":"t","455":"a","456":"r","457":"\\","458":"\"","459":">","460":"\\","461":"r","462":"\\","463":"n","464":" ","465":" ","466":" ","467":" ","468":"<","469":"i","470":"m","471":"g","472":" ","473":":","474":"a","475":"l","476":"t","477":"=","478":"\\","479":"\"","480":"`","481":"$","482":"{","483":"a","484":"v","485":"a","486":"t","487":"a","488":"r","489":".","490":"a","491":"l","492":"t","493":"}","494":"`","495":"\\","496":"\"","497":" ","498":":","499":"s","500":"r","501":"c","502":"=","503":"\\","504":"\"","505":"g","506":"e","507":"t","508":"I","509":"m","510":"a","511":"g","512":"e","513":"(","514":"a","515":"v","516":"a","517":"t","518":"a","519":"r","520":".","521":"i","522":"m","523":"g","524":")","525":"\\","526":"\"","527":" ","528":"/","529":">","530":"\\","531":"r","532":"\\","533":"n","534":" ","535":" ","536":"<","537":"/","538":"d","539":"i","540":"v","541":">","542":"\\","543":"r","544":"\\","545":"n","546":"<","547":"/","548":"t","549":"e","550":"m","551":"p","552":"l","553":"a","554":"t","555":"e","556":">","557":"\\","558":"r","559":"\\","560":"n","561":"\\","562":"r","563":"\\","564":"n","565":"<","566":"s","567":"c","568":"r","569":"i","570":"p","571":"t","572":" ","573":"s","574":"e","575":"t","576":"u","577":"p","578":">","579":"\\","580":"r","581":"\\","582":"n","583":"i","584":"m","585":"p","586":"o","587":"r","588":"t","589":" ","590":"{","591":" ","592":"d","593":"e","594":"f","595":"i","596":"n","597":"e","598":"P","599":"r","600":"o","601":"p","602":"s","603":" ","604":"}","605":" ","606":"f","607":"r","608":"o","609":"m","610":" ","611":"'","612":"v","613":"u","614":"e","615":"'","616":";","617":"\\","618":"r","619":"\\","620":"n","621":"i","622":"m","623":"p","624":"o","625":"r","626":"t","627":" ","628":"g","629":"e","630":"t","631":"I","632":"m","633":"a","634":"g","635":"e","636":" ","637":"f","638":"r","639":"o","640":"m","641":" ","642":"'","643":".","644":".","645":"/","646":"u","647":"t","648":"i","649":"l","650":"s","651":"/","652":"g","653":"e","654":"t","655":"I","656":"m","657":"a","658":"g","659":"e","660":"'","661":";","662":"\\","663":"r","664":"\\","665":"n","666":"\\","667":"r","668":"\\","669":"n","670":"c","671":"o","672":"n","673":"s","674":"t","675":" ","676":"p","677":"r","678":"o","679":"p","680":"s","681":" ","682":"=","683":" ","684":"d","685":"e","686":"f","687":"i","688":"n","689":"e","690":"P","691":"r","692":"o","693":"p","694":"s","695":"(","696":"{","697":"\\","698":"r","699":"\\","700":"n","701":" ","702":" ","703":"a","704":"v","705":"a","706":"t","707":"a","708":"r","709":":","710":" ","711":"{","712":"\\","713":"r","714":"\\","715":"n","716":" ","717":" ","718":" ","719":" ","720":"t","721":"y","722":"p","723":"e","724":":","725":" ","726":"O","727":"b","728":"j","729":"e","730":"c","731":"t","732":",","733":"\\","734":"r","735":"\\","736":"n","737":" ","738":" ","739":" ","740":" ","741":"d","742":"e","743":"f","744":"a","745":"u","746":"l","747":"t","748":":","749":" ","750":"(","751":")","752":" ","753":"=","754":">","755":" ","756":"(","757":"{","758":" ","759":"i","760":"m","761":"g","762":":","763":" ","764":"'","765":"'","766":",","767":" ","768":"a","769":"l","770":"t","771":":","772":" ","773":"'","774":"'","775":" ","776":"}","777":")","778":",","779":"\\","780":"r","781":"\\","782":"n","783":" ","784":" ","785":"}","786":",","787":"\\","788":"r","789":"\\","790":"n","791":" ","792":" ","793":"s","794":"i","795":"z","796":"e","797":":","798":" ","799":"{","800":"\\","801":"r","802":"\\","803":"n","804":" ","805":" ","806":" ","807":" ","808":"t","809":"y","810":"p","811":"e","812":":","813":" ","814":"O","815":"b","816":"j","817":"e","818":"c","819":"t","820":",","821":"\\","822":"r","823":"\\","824":"n","825":" ","826":" ","827":" ","828":" ","829":"d","830":"e","831":"f","832":"a","833":"u","834":"l","835":"t","836":":","837":" ","838":"(","839":")","840":" ","841":"=","842":">","843":" ","844":"(","845":"{","846":" ","847":"w","848":"i","849":"d","850":"t","851":"h","852":":","853":" ","854":"'","855":"7","856":"0","857":"p","858":"x","859":"'","860":",","861":" ","862":"h","863":"e","864":"i","865":"g","866":"h","867":"t","868":":","869":" ","870":"'","871":"7","872":"0","873":"p","874":"x","875":"'","876":" ","877":"}","878":")","879":",","880":"\\","881":"r","882":"\\","883":"n","884":" ","885":" ","886":"}","887":",","888":"\\","889":"r","890":"\\","891":"n","892":"}","893":")","894":";","895":"\\","896":"r","897":"\\","898":"n","899":"\\","900":"r","901":"\\","902":"n","903":"/","904":"/","905":" ","906":"e","907":"s","908":"l","909":"i","910":"n","911":"t","912":"-","913":"d","914":"i","915":"s","916":"a","917":"b","918":"l","919":"e","920":"-","921":"n","922":"e","923":"x","924":"t","925":"-","926":"l","927":"i","928":"n","929":"e","930":" ","931":"v","932":"u","933":"e","934":"/","935":"n","936":"o","937":"-","938":"s","939":"e","940":"t","941":"u","942":"p","943":"-","944":"p","945":"r","946":"o","947":"p","948":"s","949":"-","950":"d","951":"e","952":"s","953":"t","954":"r","955":"u","956":"c","957":"t","958":"u","959":"r","960":"e","961":"\\","962":"r","963":"\\","964":"n","965":"c","966":"o","967":"n","968":"s","969":"t","970":" ","971":"w","972":"i","973":"d","974":"t","975":"h","976":" ","977":"=","978":" ","979":"p","980":"r","981":"o","982":"p","983":"s","984":".","985":"s","986":"i","987":"z","988":"e","989":"?","990":".","991":"w","992":"i","993":"d","994":"t","995":"h","996":";","997":"\\","998":"r","999":"\\","1000":"n","1001":"/","1002":"/","1003":" ","1004":"e","1005":"s","1006":"l","1007":"i","1008":"n","1009":"t","1010":"-","1011":"d","1012":"i","1013":"s","1014":"a","1015":"b","1016":"l","1017":"e","1018":"-","1019":"n","1020":"e","1021":"x","1022":"t","1023":"-","1024":"l","1025":"i","1026":"n","1027":"e","1028":" ","1029":"v","1030":"u","1031":"e","1032":"/","1033":"n","1034":"o","1035":"-","1036":"s","1037":"e","1038":"t","1039":"u","1040":"p","1041":"-","1042":"p","1043":"r","1044":"o","1045":"p","1046":"s","1047":"-","1048":"d","1049":"e","1050":"s","1051":"t","1052":"r","1053":"u","1054":"c","1055":"t","1056":"u","1057":"r","1058":"e","1059":"\\","1060":"r","1061":"\\","1062":"n","1063":"c","1064":"o","1065":"n","1066":"s","1067":"t","1068":" ","1069":"h","1070":"e","1071":"i","1072":"g","1073":"h","1074":"t","1075":" ","1076":"=","1077":" ","1078":"p","1079":"r","1080":"o","1081":"p","1082":"s","1083":".","1084":"s","1085":"i","1086":"z","1087":"e","1088":"?","1089":".","1090":"h","1091":"e","1092":"i","1093":"g","1094":"h","1095":"t","1096":";","1097":"\\","1098":"r","1099":"\\","1100":"n","1101":"<","1102":"/","1103":"s","1104":"c","1105":"r","1106":"i","1107":"p","1108":"t","1109":">","1110":"\\","1111":"r","1112":"\\","1113":"n","1114":"\\","1115":"r","1116":"\\","1117":"n","1118":"<","1119":"s","1120":"t","1121":"y","1122":"l","1123":"e","1124":" ","1125":"s","1126":"c","1127":"o","1128":"p","1129":"e","1130":"d","1131":" ","1132":"l","1133":"a","1134":"n","1135":"g","1136":"=","1137":"\\","1138":"\"","1139":"s","1140":"c","1141":"s","1142":"s","1143":"\\","1144":"\"","1145":">","1146":"\\","1147":"r","1148":"\\","1149":"n","1150":".","1151":"a","1152":"v","1153":"a","1154":"t","1155":"a","1156":"r","1157":" ","1158":"{","1159":"\\","1160":"r","1161":"\\","1162":"n","1163":" ","1164":" ","1165":"p","1166":"o","1167":"s","1168":"i","1169":"t","1170":"i","1171":"o","1172":"n","1173":":","1174":" ","1175":"r","1176":"e","1177":"l","1178":"a","1179":"t","1180":"i","1181":"v","1182":"e","1183":";","1184":"\\","1185":"r","1186":"\\","1187":"n","1188":" ","1189":" ","1190":"w","1191":"i","1192":"d","1193":"t","1194":"h","1195":":","1196":" ","1197":"v","1198":"-","1199":"b","1200":"i","1201":"n","1202":"d","1203":"(","1204":"w","1205":"i","1206":"d","1207":"t","1208":"h","1209":")","1210":";","1211":"\\","1212":"r","1213":"\\","1214":"n","1215":" ","1216":" ","1217":"h","1218":"e","1219":"i","1220":"g","1221":"h","1222":"t","1223":":","1224":" ","1225":"v","1226":"-","1227":"b","1228":"i","1229":"n","1230":"d","1231":"(","1232":"h","1233":"e","1234":"i","1235":"g","1236":"h","1237":"t","1238":")","1239":";","1240":"\\","1241":"r","1242":"\\","1243":"n","1244":" ","1245":" ","1246":"d","1247":"i","1248":"s","1249":"p","1250":"l","1251":"a","1252":"y","1253":":","1254":" ","1255":"i","1256":"n","1257":"l","1258":"i","1259":"n","1260":"e","1261":"-","1262":"b","1263":"l","1264":"o","1265":"c","1266":"k","1267":";","1268":"\\","1269":"r","1270":"\\","1271":"n","1272":" ","1273":" ","1274":"o","1275":"v","1276":"e","1277":"r","1278":"f","1279":"l","1280":"o","1281":"w","1282":":","1283":" ","1284":"h","1285":"i","1286":"d","1287":"d","1288":"e","1289":"n","1290":";","1291":"\\","1292":"r","1293":"\\","1294":"n","1295":" ","1296":" ","1297":"b","1298":"o","1299":"r","1300":"d","1301":"e","1302":"r","1303":"-","1304":"r","1305":"a","1306":"d","1307":"i","1308":"u","1309":"s","1310":":","1311":" ","1312":"5","1313":"0","1314":"%","1315":";","1316":"\\","1317":"r","1318":"\\","1319":"n","1320":" ","1321":" ","1322":"m","1323":"a","1324":"r","1325":"g","1326":"i","1327":"n","1328":"-","1329":"r","1330":"i","1331":"g","1332":"h","1333":"t","1334":":","1335":" ","1336":"1","1337":"2","1338":"p","1339":"x","1340":";","1341":"\\","1342":"r","1343":"\\","1344":"n","1345":" ","1346":" ","1347":"f","1348":"l","1349":"e","1350":"x","1351":":","1352":" ","1353":"0","1354":" ","1355":"0","1356":" ","1357":"a","1358":"u","1359":"t","1360":"o","1361":";","1362":"\\","1363":"r","1364":"\\","1365":"n","1366":" ","1367":" ","1368":"i","1369":"m","1370":"g","1371":" ","1372":"{","1373":"\\","1374":"r","1375":"\\","1376":"n","1377":" ","1378":" ","1379":" ","1380":" ","1381":"w","1382":"i","1383":"d","1384":"t","1385":"h","1386":":","1387":" ","1388":"1","1389":"0","1390":"0","1391":"%","1392":";","1393":"\\","1394":"r","1395":"\\","1396":"n","1397":" ","1398":" ","1399":" ","1400":" ","1401":"h","1402":"e","1403":"i","1404":"g","1405":"h","1406":"t","1407":":","1408":" ","1409":"1","1410":"0","1411":"0","1412":"%","1413":";","1414":"\\","1415":"r","1416":"\\","1417":"n","1418":" ","1419":" ","1420":" ","1421":" ","1422":"o","1423":"b","1424":"j","1425":"e","1426":"c","1427":"t","1428":"-","1429":"f","1430":"i","1431":"t","1432":":","1433":" ","1434":"c","1435":"o","1436":"v","1437":"e","1438":"r","1439":";","1440":"\\","1441":"r","1442":"\\","1443":"n","1444":" ","1445":" ","1446":"}","1447":"\\","1448":"r","1449":"\\","1450":"n","1451":"}","1452":"\\","1453":"r","1454":"\\","1455":"n","1456":"<","1457":"/","1458":"s","1459":"t","1460":"y","1461":"l","1462":"e","1463":">","1464":"\\","1465":"r","1466":"\\","1467":"n","1468":"\"","1469":"]","1470":"}"},"_coverageSchema":"1a1c01bbd47fc00a2c39e90264f33305004495a9","hash":"33a5d23dfafd1d05225f88a4f593a1b1fda45964"}
,"C:\\Users\\ashle\\Development\\craft-demo\\client\\src\\components\\Header.vue": {"path":"C:\\Users\\ashle\\Development\\craft-demo\\client\\src\\components\\Header.vue","statementMap":{"0":{"start":{"line":4,"column":29},"end":{"line":4,"column":153}},"1":{"start":{"line":5,"column":0},"end":{"line":7,"column":3}},"2":{"start":{"line":8,"column":0},"end":{"line":8,"column":25}},"3":{"start":{"line":106,"column":0},"end":{"line":108,"column":3}},"4":{"start":{"line":109,"column":0},"end":{"line":109,"column":24}},"5":{"start":{"line":110,"column":11},"end":{"line":110,"column":25}},"6":{"start":{"line":111,"column":19},"end":{"line":113,"column":1}},"7":{"start":{"line":114,"column":19},"end":{"line":116,"column":1}},"8":{"start":{"line":117,"column":32},"end":{"line":117,"column":107}},"9":{"start":{"line":120,"column":33},"end":{"line":120,"column":74}},"10":{"start":{"line":121,"column":2},"end":{"line":141,"column":63}},"11":{"start":{"line":124,"column":37},"end":{"line":124,"column":91}},"12":{"start":{"line":130,"column":60},"end":{"line":130,"column":83}},"13":{"start":{"line":133,"column":37},"end":{"line":138,"column":37}},"14":{"start":{"line":134,"column":6},"end":{"line":137,"column":72}},"15":{"start":{"line":142,"column":2},"end":{"line":142,"column":49}}},"fnMap":{"0":{"name":"render","decl":{"start":{"line":119,"column":9},"end":{"line":119,"column":15}},"loc":{"start":{"line":119,"column":63},"end":{"line":142,"column":1}},"line":119},"1":{"name":"(anonymous_1)","decl":{"start":{"line":124,"column":31},"end":{"line":124,"column":32}},"loc":{"start":{"line":124,"column":37},"end":{"line":124,"column":91}},"line":124},"2":{"name":"(anonymous_2)","decl":{"start":{"line":130,"column":50},"end":{"line":130,"column":51}},"loc":{"start":{"line":130,"column":60},"end":{"line":130,"column":83}},"line":130},"3":{"name":"(anonymous_3)","decl":{"start":{"line":133,"column":31},"end":{"line":133,"column":32}},"loc":{"start":{"line":133,"column":37},"end":{"line":138,"column":37}},"line":133},"4":{"name":"(anonymous_4)","decl":{"start":{"line":133,"column":220},"end":{"line":133,"column":221}},"loc":{"start":{"line":133,"column":245},"end":{"line":138,"column":5}},"line":133}},"branchMap":{"0":{"loc":{"start":{"line":130,"column":24},"end":{"line":130,"column":84}},"type":"binary-expr","locations":[{"start":{"line":130,"column":24},"end":{"line":130,"column":33}},{"start":{"line":130,"column":38},"end":{"line":130,"column":83}}],"line":130}},"s":{"0":2,"1":2,"2":2,"3":2,"4":2,"5":2,"6":2,"7":2,"8":2,"9":8,"10":8,"11":6,"12":0,"13":2,"14":4,"15":2},"f":{"0":8,"1":6,"2":0,"3":2,"4":4},"b":{"0":[8,6]},"inputSourceMap":{"0":"{","1":"\"","2":"v","3":"e","4":"r","5":"s","6":"i","7":"o","8":"n","9":"\"","10":":","11":"3","12":",","13":"\"","14":"s","15":"o","16":"u","17":"r","18":"c","19":"e","20":"s","21":"\"","22":":","23":"[","24":"\"","25":"C","26":":","27":"/","28":"U","29":"s","30":"e","31":"r","32":"s","33":"/","34":"a","35":"s","36":"h","37":"l","38":"e","39":"/","40":"D","41":"e","42":"v","43":"e","44":"l","45":"o","46":"p","47":"m","48":"e","49":"n","50":"t","51":"/","52":"c","53":"r","54":"a","55":"f","56":"t","57":"-","58":"d","59":"e","60":"m","61":"o","62":"/","63":"c","64":"l","65":"i","66":"e","67":"n","68":"t","69":"/","70":"s","71":"r","72":"c","73":"/","74":"c","75":"o","76":"m","77":"p","78":"o","79":"n","80":"e","81":"n","82":"t","83":"s","84":"/","85":"H","86":"e","87":"a","88":"d","89":"e","90":"r","91":".","92":"v","93":"u","94":"e","95":"\"","96":"]","97":",","98":"\"","99":"n","100":"a","101":"m","102":"e","103":"s","104":"\"","105":":","106":"[","107":"]","108":",","109":"\"","110":"m","111":"a","112":"p","113":"p","114":"i","115":"n","116":"g","117":"s","118":"\"","119":":","120":"\"","121":";","122":";","123":";","124":";","125":";","126":";","127":";","128":";","129":"A","130":"A","131":"m","132":"B","133":"A","134":";","135":"A","136":"A","137":"A","138":"A","139":";","140":"A","141":"A","142":"A","143":"A","144":";","145":"A","146":"A","147":"C","148":"A","149":";","150":"A","151":"A","152":"A","153":"A","154":";","155":"A","156":"A","157":"A","158":"A","159":";","160":"A","161":"A","162":"C","163":"A","164":";","165":"A","166":"A","167":"A","168":"A","169":";","170":"A","171":"A","172":"A","173":"A","174":";","175":"A","176":"A","177":"C","178":"A","179":";","180":"A","181":"A","182":"A","183":"A","184":";","185":"A","186":"A","187":"A","188":"A","189":";","190":"A","191":"A","192":"A","193":"k","194":"D","195":";","196":"A","197":"A","198":"A","199":"A","200":";","201":";","202":";","203":";","204":";","205":";","206":"I","207":"A","208":"C","209":"l","210":"D","211":",","212":"M","213":"A","214":"A","215":"M","216":",","217":"O","218":"A","219":"A","220":"O","221":";","222":"I","223":"A","224":"A","225":"G","226":";","227":"I","228":"A","229":"A","230":"A","231":";","232":"I","233":"A","234":"A","235":"A","236":";","237":"I","238":"A","239":"A","240":"A","241":";","242":"I","243":"A","244":"A","245":"A","246":";","247":"I","248":"A","249":"A","250":"A","251":",","252":"G","253":"A","254":"A","255":"G","256":",","257":"E","258":"A","259":"A","260":"C","261":",","262":"K","263":"A","264":"A","265":"K","266":",","267":"C","268":"A","269":"A","270":"C","271":";","272":"I","273":"A","274":"E","275":"1","276":"B","277":",","278":"M","279":"A","280":"A","281":"M","282":",","283":"K","284":"A","285":"A","286":"K","287":";","288":"I","289":"A","290":"A","291":"G","292":";","293":"I","294":"A","295":"A","296":"A","297":";","298":"I","299":"A","300":"A","301":"A","302":";","303":"I","304":"A","305":"A","306":"A","307":";","308":"I","309":"A","310":"A","311":"A","312":";","313":"I","314":"A","315":"A","316":"A","317":",","318":"Q","319":"A","320":"A","321":"Q","322":",","323":"E","324":"A","325":"A","326":"C","327":",","328":"C","329":"A","330":"A","331":"C","332":";","333":"I","334":"A","335":"E","336":"x","337":"B","338":",","339":"M","340":"A","341":"A","342":"M","343":",","344":"a","345":"A","346":"A","347":"a","348":";","349":"I","350":"A","351":"A","352":"G","353":";","354":"I","355":"A","356":"A","357":"A","358":";","359":"I","360":"A","361":"A","362":"A","363":";","364":"I","365":"A","366":"A","367":"A","368":";","369":"I","370":"A","371":"A","372":"A","373":";","374":"I","375":"A","376":"A","377":"A","378":",","379":"Q","380":"A","381":"A","382":"Q","383":",","384":"E","385":"A","386":"A","387":"C","388":",","389":"M","390":"A","391":"A","392":"M","393":";","394":"M","395":"A","396":"C","397":"n","398":"C","399":",","400":"O","401":"A","402":"A","403":"O","404":",","405":"K","406":"A","407":"A","408":"K","409":",","410":"C","411":"A","412":"A","413":"C","414":",","415":"O","416":"A","417":"A","418":"O","419":",","420":"C","421":"A","422":"A","423":"C","424":",","425":"s","426":"B","427":"A","428":"A","429":"s","430":"B","431":";","432":"I","433":"A","434":"C","435":"7","436":"C","437":",","438":"C","439":"A","440":"A","441":"C","442":",","443":"C","444":"A","445":"A","446":"C","447":";","448":"I","449":"A","450":"E","451":"F","452":",","453":"M","454":"A","455":"A","456":"M","457":",","458":"Q","459":"A","460":"A","461":"Q","462":",","463":"G","464":"A","465":"A","466":"G","467":",","468":"M","469":"A","470":"A","471":"M","472":";","473":"M","474":"A","475":"C","476":"r","477":"B","478":",","479":"O","480":"A","481":"A","482":"O","483":",","484":"C","485":"A","486":"A","487":"C","488":",","489":"K","490":"A","491":"A","492":"K","493":",","494":"G","495":"A","496":"A","497":"G","498":",","499":"I","500":"A","501":"A","502":"I","503":";","504":"M","505":"A","506":"C","507":"p","508":"B","509":",","510":"K","511":"A","512":"A","513":"K","514":",","515":"C","516":"A","517":"A","518":"C","519":",","520":"M","521":"A","522":"A","523":"M","524":",","525":"C","526":"A","527":"A","528":"C","529":",","530":"u","531":"B","532":"A","533":"A","534":"u","535":"B","536":",","537":"E","538":"A","539":"A","540":"E","541":",","542":"K","543":"A","544":"A","545":"K","546":",","547":"C","548":"A","549":"A","550":"C","551":";","552":"I","553":"A","554":"C","555":"9","556":"C","557":",","558":"C","559":"A","560":"A","561":"C","562":"\"","563":",","564":"\"","565":"f","566":"i","567":"l","568":"e","569":"\"","570":":","571":"\"","572":"C","573":":","574":"\\","575":"\\","576":"U","577":"s","578":"e","579":"r","580":"s","581":"\\","582":"\\","583":"a","584":"s","585":"h","586":"l","587":"e","588":"\\","589":"\\","590":"D","591":"e","592":"v","593":"e","594":"l","595":"o","596":"p","597":"m","598":"e","599":"n","600":"t","601":"\\","602":"\\","603":"c","604":"r","605":"a","606":"f","607":"t","608":"-","609":"d","610":"e","611":"m","612":"o","613":"\\","614":"\\","615":"c","616":"l","617":"i","618":"e","619":"n","620":"t","621":"\\","622":"\\","623":"s","624":"r","625":"c","626":"\\","627":"\\","628":"c","629":"o","630":"m","631":"p","632":"o","633":"n","634":"e","635":"n","636":"t","637":"s","638":"\\","639":"\\","640":"H","641":"e","642":"a","643":"d","644":"e","645":"r","646":".","647":"v","648":"u","649":"e","650":"\"","651":",","652":"\"","653":"s","654":"o","655":"u","656":"r","657":"c","658":"e","659":"s","660":"C","661":"o","662":"n","663":"t","664":"e","665":"n","666":"t","667":"\"","668":":","669":"[","670":"\"","671":"<","672":"t","673":"e","674":"m","675":"p","676":"l","677":"a","678":"t","679":"e","680":">","681":"\\","682":"r","683":"\\","684":"n","685":" ","686":" ","687":"<","688":"h","689":"e","690":"a","691":"d","692":"e","693":"r","694":">","695":"\\","696":"r","697":"\\","698":"n","699":" ","700":" ","701":" ","702":" ","703":"<","704":"n","705":"a","706":"v","707":">","708":"<","709":"r","710":"o","711":"u","712":"t","713":"e","714":"r","715":"-","716":"l","717":"i","718":"n","719":"k","720":" ","721":"t","722":"o","723":"=","724":"\\","725":"\"","726":"/","727":"\\","728":"\"","729":">","730":"T","731":"h","732":"e","733":" ","734":"A","735":"n","736":"i","737":"m","738":"a","739":"l","740":" ","741":"L","742":"o","743":"v","744":"e","745":"r","746":"s","747":" ","748":"G","749":"r","750":"o","751":"u","752":"p","753":"<","754":"/","755":"r","756":"o","757":"u","758":"t","759":"e","760":"r","761":"-","762":"l","763":"i","764":"n","765":"k","766":">","767":"<","768":"/","769":"n","770":"a","771":"v","772":">","773":"\\","774":"r","775":"\\","776":"n","777":" ","778":" ","779":" ","780":" ","781":"<","782":"N","783":"o","784":"f","785":"i","786":"c","787":"a","788":"t","789":"i","790":"o","791":"n","792":"B","793":"u","794":"t","795":"t","796":"o","797":"n","798":" ","799":"@","800":"t","801":"o","802":"g","803":"g","804":"l","805":"e","806":"=","807":"\\","808":"\"","809":"o","810":"n","811":"T","812":"o","813":"g","814":"g","815":"l","816":"e","817":"\\","818":"\"","819":" ","820":"/","821":">","822":"\\","823":"r","824":"\\","825":"n","826":" ","827":" ","828":"<","829":"/","830":"h","831":"e","832":"a","833":"d","834":"e","835":"r","836":">","837":"\\","838":"r","839":"\\","840":"n","841":" ","842":" ","843":"<","844":"d","845":"i","846":"v","847":" ","848":"c","849":"l","850":"a","851":"s","852":"s","853":"=","854":"\\","855":"\"","856":"c","857":"a","858":"r","859":"d","860":" ","861":"f","862":"l","863":"e","864":"x","865":" ","866":"j","867":"u","868":"s","869":"t","870":"i","871":"f","872":"y","873":"-","874":"c","875":"o","876":"n","877":"t","878":"e","879":"n","880":"t","881":"-","882":"c","883":"e","884":"n","885":"t","886":"e","887":"r","888":"\\","889":"\"","890":">","891":"\\","892":"r","893":"\\","894":"n","895":" ","896":" ","897":" ","898":" ","899":"<","900":"S","901":"i","902":"d","903":"e","904":"b","905":"a","906":"r","907":" ","908":"v","909":"-","910":"m","911":"o","912":"d","913":"e","914":"l","915":":","916":"v","917":"i","918":"s","919":"i","920":"b","921":"l","922":"e","923":"=","924":"\\","925":"\"","926":"v","927":"i","928":"s","929":"i","930":"b","931":"l","932":"e","933":"\\","934":"\"","935":" ","936":"p","937":"o","938":"s","939":"i","940":"t","941":"i","942":"o","943":"n","944":"=","945":"\\","946":"\"","947":"r","948":"i","949":"g","950":"h","951":"t","952":"\\","953":"\"","954":">","955":"\\","956":"r","957":"\\","958":"n","959":" ","960":" ","961":" ","962":" ","963":" ","964":" ","965":"<","966":"d","967":"i","968":"v","969":" ","970":"c","971":"l","972":"a","973":"s","974":"s","975":"=","976":"\\","977":"\"","978":"n","979":"o","980":"t","981":"i","982":"f","983":"i","984":"c","985":"a","986":"t","987":"i","988":"o","989":"n","990":"s","991":"\\","992":"\"","993":">","994":"\\","995":"r","996":"\\","997":"n","998":" ","999":" ","1000":" ","1001":" ","1002":" ","1003":" ","1004":" ","1005":" ","1006":"<","1007":"h","1008":"2","1009":">","1010":"N","1011":"o","1012":"t","1013":"i","1014":"f","1015":"i","1016":"c","1017":"a","1018":"t","1019":"i","1020":"o","1021":"n","1022":"s","1023":"<","1024":"/","1025":"h","1026":"2","1027":">","1028":"\\","1029":"r","1030":"\\","1031":"n","1032":" ","1033":" ","1034":" ","1035":" ","1036":" ","1037":" ","1038":" ","1039":" ","1040":"<","1041":"t","1042":"e","1043":"m","1044":"p","1045":"l","1046":"a","1047":"t","1048":"e","1049":" ","1050":"v","1051":"-","1052":"f","1053":"o","1054":"r","1055":"=","1056":"\\","1057":"\"","1058":"(","1059":"n","1060":"o","1061":"t","1062":"i","1063":"f","1064":"i","1065":"c","1066":"a","1067":"t","1068":"i","1069":"o","1070":"n","1071":",","1072":" ","1073":"i","1074":"n","1075":"d","1076":"e","1077":"x","1078":")","1079":" ","1080":"i","1081":"n","1082":" ","1083":"n","1084":"o","1085":"t","1086":"i","1087":"f","1088":"i","1089":"c","1090":"a","1091":"t","1092":"i","1093":"o","1094":"n","1095":"s","1096":"\\","1097":"\"","1098":" ","1099":":","1100":"k","1101":"e","1102":"y","1103":"=","1104":"\\","1105":"\"","1106":"i","1107":"n","1108":"d","1109":"e","1110":"x","1111":"\\","1112":"\"","1113":">","1114":"\\","1115":"r","1116":"\\","1117":"n","1118":" ","1119":" ","1120":" ","1121":" ","1122":" ","1123":" ","1124":" ","1125":" ","1126":" ","1127":" ","1128":"<","1129":"d","1130":"i","1131":"v","1132":" ","1133":"c","1134":"l","1135":"a","1136":"s","1137":"s","1138":"=","1139":"\\","1140":"\"","1141":"m","1142":"e","1143":"s","1144":"s","1145":"a","1146":"g","1147":"e","1148":"\\","1149":"\"","1150":">","1151":"\\","1152":"r","1153":"\\","1154":"n","1155":" ","1156":" ","1157":" ","1158":" ","1159":" ","1160":" ","1161":" ","1162":" ","1163":" ","1164":" ","1165":" ","1166":" ","1167":"{","1168":"{","1169":" ","1170":"n","1171":"o","1172":"t","1173":"i","1174":"f","1175":"i","1176":"c","1177":"a","1178":"t","1179":"i","1180":"o","1181":"n","1182":".","1183":"m","1184":"e","1185":"s","1186":"s","1187":"a","1188":"g","1189":"e","1190":" ","1191":"}","1192":"}","1193":"\\","1194":"r","1195":"\\","1196":"n","1197":" ","1198":" ","1199":" ","1200":" ","1201":" ","1202":" ","1203":" ","1204":" ","1205":" ","1206":" ","1207":"<","1208":"/","1209":"d","1210":"i","1211":"v","1212":">","1213":"\\","1214":"r","1215":"\\","1216":"n","1217":" ","1218":" ","1219":" ","1220":" ","1221":" ","1222":" ","1223":" ","1224":" ","1225":"<","1226":"/","1227":"t","1228":"e","1229":"m","1230":"p","1231":"l","1232":"a","1233":"t","1234":"e","1235":">","1236":"\\","1237":"r","1238":"\\","1239":"n","1240":" ","1241":" ","1242":" ","1243":" ","1244":" ","1245":" ","1246":"<","1247":"/","1248":"d","1249":"i","1250":"v","1251":">","1252":"\\","1253":"r","1254":"\\","1255":"n","1256":" ","1257":" ","1258":" ","1259":" ","1260":"<","1261":"/","1262":"S","1263":"i","1264":"d","1265":"e","1266":"b","1267":"a","1268":"r","1269":">","1270":"\\","1271":"r","1272":"\\","1273":"n","1274":" ","1275":" ","1276":"<","1277":"/","1278":"d","1279":"i","1280":"v","1281":">","1282":"\\","1283":"r","1284":"\\","1285":"n","1286":"<","1287":"/","1288":"t","1289":"e","1290":"m","1291":"p","1292":"l","1293":"a","1294":"t","1295":"e","1296":">","1297":"\\","1298":"r","1299":"\\","1300":"n","1301":"<","1302":"s","1303":"c","1304":"r","1305":"i","1306":"p","1307":"t","1308":" ","1309":"s","1310":"e","1311":"t","1312":"u","1313":"p","1314":">","1315":"\\","1316":"r","1317":"\\","1318":"n","1319":"i","1320":"m","1321":"p","1322":"o","1323":"r","1324":"t","1325":" ","1326":"{","1327":" ","1328":"r","1329":"e","1330":"f","1331":",","1332":" ","1333":"c","1334":"o","1335":"m","1336":"p","1337":"u","1338":"t","1339":"e","1340":"d","1341":" ","1342":"}","1343":" ","1344":"f","1345":"r","1346":"o","1347":"m","1348":" ","1349":"'","1350":"v","1351":"u","1352":"e","1353":"'","1354":";","1355":"\\","1356":"r","1357":"\\","1358":"n","1359":"i","1360":"m","1361":"p","1362":"o","1363":"r","1364":"t","1365":" ","1366":"{","1367":" ","1368":"u","1369":"s","1370":"e","1371":"S","1372":"t","1373":"o","1374":"r","1375":"e","1376":" ","1377":"}","1378":" ","1379":"f","1380":"r","1381":"o","1382":"m","1383":" ","1384":"'","1385":"v","1386":"u","1387":"e","1388":"x","1389":"'","1390":";","1391":"\\","1392":"r","1393":"\\","1394":"n","1395":"i","1396":"m","1397":"p","1398":"o","1399":"r","1400":"t","1401":" ","1402":"S","1403":"i","1404":"d","1405":"e","1406":"b","1407":"a","1408":"r","1409":" ","1410":"f","1411":"r","1412":"o","1413":"m","1414":" ","1415":"'","1416":"p","1417":"r","1418":"i","1419":"m","1420":"e","1421":"v","1422":"u","1423":"e","1424":"/","1425":"s","1426":"i","1427":"d","1428":"e","1429":"b","1430":"a","1431":"r","1432":"'","1433":";","1434":"\\","1435":"r","1436":"\\","1437":"n","1438":"i","1439":"m","1440":"p","1441":"o","1442":"r","1443":"t","1444":" ","1445":"N","1446":"o","1447":"f","1448":"i","1449":"c","1450":"a","1451":"t","1452":"i","1453":"o","1454":"n","1455":"B","1456":"u","1457":"t","1458":"t","1459":"o","1460":"n","1461":" ","1462":"f","1463":"r","1464":"o","1465":"m","1466":" ","1467":"'","1468":".","1469":"/","1470":"N","1471":"o","1472":"f","1473":"i","1474":"c","1475":"a","1476":"t","1477":"i","1478":"o","1479":"n","1480":"B","1481":"u","1482":"t","1483":"t","1484":"o","1485":"n","1486":"'","1487":";","1488":"\\","1489":"r","1490":"\\","1491":"n","1492":"c","1493":"o","1494":"n","1495":"s","1496":"t","1497":" ","1498":"v","1499":"i","1500":"s","1501":"i","1502":"b","1503":"l","1504":"e","1505":" ","1506":"=","1507":" ","1508":"r","1509":"e","1510":"f","1511":"(","1512":"f","1513":"a","1514":"l","1515":"s","1516":"e","1517":")","1518":";","1519":"\\","1520":"r","1521":"\\","1522":"n","1523":"\\","1524":"r","1525":"\\","1526":"n","1527":"c","1528":"o","1529":"n","1530":"s","1531":"t","1532":" ","1533":"s","1534":"t","1535":"o","1536":"r","1537":"e","1538":" ","1539":"=","1540":" ","1541":"u","1542":"s","1543":"e","1544":"S","1545":"t","1546":"o","1547":"r","1548":"e","1549":"(","1550":")","1551":";","1552":"\\","1553":"r","1554":"\\","1555":"n","1556":"\\","1557":"r","1558":"\\","1559":"n","1560":"c","1561":"o","1562":"n","1563":"s","1564":"t","1565":" ","1566":"n","1567":"o","1568":"t","1569":"i","1570":"f","1571":"i","1572":"c","1573":"a","1574":"t","1575":"i","1576":"o","1577":"n","1578":"s","1579":" ","1580":"=","1581":" ","1582":"c","1583":"o","1584":"m","1585":"p","1586":"u","1587":"t","1588":"e","1589":"d","1590":"(","1591":"(","1592":")","1593":" ","1594":"=","1595":">","1596":" ","1597":"{","1598":"\\","1599":"r","1600":"\\","1601":"n","1602":" ","1603":" ","1604":"r","1605":"e","1606":"t","1607":"u","1608":"r","1609":"n","1610":" ","1611":"s","1612":"t","1613":"o","1614":"r","1615":"e","1616":".","1617":"g","1618":"e","1619":"t","1620":"t","1621":"e","1622":"r","1623":"s","1624":".","1625":"g","1626":"e","1627":"t","1628":"S","1629":"o","1630":"r","1631":"t","1632":"e","1633":"d","1634":"N","1635":"o","1636":"t","1637":"i","1638":"f","1639":"i","1640":"c","1641":"a","1642":"t","1643":"i","1644":"o","1645":"n","1646":"s","1647":";","1648":"\\","1649":"r","1650":"\\","1651":"n","1652":"}","1653":")","1654":";","1655":"\\","1656":"r","1657":"\\","1658":"n","1659":"\\","1660":"r","1661":"\\","1662":"n","1663":"c","1664":"o","1665":"n","1666":"s","1667":"t","1668":" ","1669":"o","1670":"n","1671":"T","1672":"o","1673":"g","1674":"g","1675":"l","1676":"e","1677":" ","1678":"=","1679":" ","1680":"(","1681":")","1682":" ","1683":"=","1684":">","1685":" ","1686":"{","1687":"\\","1688":"r","1689":"\\","1690":"n","1691":" ","1692":" ","1693":"v","1694":"i","1695":"s","1696":"i","1697":"b","1698":"l","1699":"e","1700":".","1701":"v","1702":"a","1703":"l","1704":"u","1705":"e","1706":" ","1707":"=","1708":" ","1709":"t","1710":"r","1711":"u","1712":"e","1713":";","1714":"\\","1715":"r","1716":"\\","1717":"n","1718":" ","1719":" ","1720":"s","1721":"t","1722":"o","1723":"r","1724":"e","1725":".","1726":"c","1727":"o","1728":"m","1729":"m","1730":"i","1731":"t","1732":"(","1733":"'","1734":"s","1735":"e","1736":"t","1737":"N","1738":"o","1739":"t","1740":"i","1741":"f","1742":"i","1743":"c","1744":"a","1745":"t","1746":"i","1747":"o","1748":"n","1749":"S","1750":"t","1751":"a","1752":"t","1753":"u","1754":"s","1755":"'","1756":",","1757":" ","1758":"f","1759":"a","1760":"l","1761":"s","1762":"e","1763":")","1764":";","1765":"\\","1766":"r","1767":"\\","1768":"n","1769":"}","1770":";","1771":"\\","1772":"r","1773":"\\","1774":"n","1775":"<","1776":"/","1777":"s","1778":"c","1779":"r","1780":"i","1781":"p","1782":"t","1783":">","1784":"\\","1785":"r","1786":"\\","1787":"n","1788":"\\","1789":"r","1790":"\\","1791":"n","1792":"<","1793":"s","1794":"t","1795":"y","1796":"l","1797":"e","1798":" ","1799":"l","1800":"a","1801":"n","1802":"g","1803":"=","1804":"\\","1805":"\"","1806":"s","1807":"c","1808":"s","1809":"s","1810":"\\","1811":"\"","1812":">","1813":"\\","1814":"r","1815":"\\","1816":"n","1817":"h","1818":"e","1819":"a","1820":"d","1821":"e","1822":"r","1823":" ","1824":"{","1825":"\\","1826":"r","1827":"\\","1828":"n","1829":" ","1830":" ","1831":"d","1832":"i","1833":"s","1834":"p","1835":"l","1836":"a","1837":"y","1838":":","1839":" ","1840":"f","1841":"l","1842":"e","1843":"x","1844":";","1845":"\\","1846":"r","1847":"\\","1848":"n","1849":" ","1850":" ","1851":"j","1852":"u","1853":"s","1854":"t","1855":"i","1856":"f","1857":"y","1858":"-","1859":"c","1860":"o","1861":"n","1862":"t","1863":"e","1864":"n","1865":"t","1866":":","1867":" ","1868":"s","1869":"p","1870":"a","1871":"c","1872":"e","1873":"-","1874":"b","1875":"e","1876":"t","1877":"w","1878":"e","1879":"e","1880":"n","1881":";","1882":"\\","1883":"r","1884":"\\","1885":"n","1886":" ","1887":" ","1888":"a","1889":"l","1890":"i","1891":"g","1892":"n","1893":"-","1894":"i","1895":"t","1896":"e","1897":"m","1898":"s","1899":":","1900":" ","1901":"c","1902":"e","1903":"n","1904":"t","1905":"e","1906":"r","1907":";","1908":"\\","1909":"r","1910":"\\","1911":"n","1912":" ","1913":" ","1914":"m","1915":"a","1916":"r","1917":"g","1918":"i","1919":"n","1920":"-","1921":"b","1922":"o","1923":"t","1924":"t","1925":"o","1926":"m","1927":":","1928":" ","1929":"2","1930":"4","1931":"p","1932":"x","1933":";","1934":"\\","1935":"r","1936":"\\","1937":"n","1938":" ","1939":" ","1940":"b","1941":"a","1942":"c","1943":"k","1944":"g","1945":"r","1946":"o","1947":"u","1948":"n","1949":"d","1950":"-","1951":"c","1952":"o","1953":"l","1954":"o","1955":"r","1956":":","1957":" ","1958":"l","1959":"i","1960":"g","1961":"h","1962":"t","1963":"b","1964":"l","1965":"u","1966":"e","1967":";","1968":"\\","1969":"r","1970":"\\","1971":"n","1972":" ","1973":" ","1974":"p","1975":"o","1976":"s","1977":"i","1978":"t","1979":"i","1980":"o","1981":"n","1982":":","1983":" ","1984":"f","1985":"i","1986":"x","1987":"e","1988":"d","1989":";","1990":"\\","1991":"r","1992":"\\","1993":"n","1994":" ","1995":" ","1996":"t","1997":"o","1998":"p","1999":":","2000":" ","2001":"0","2002":";","2003":"\\","2004":"r","2005":"\\","2006":"n","2007":" ","2008":" ","2009":"l","2010":"e","2011":"f","2012":"t","2013":":","2014":" ","2015":"0","2016":";","2017":"\\","2018":"r","2019":"\\","2020":"n","2021":" ","2022":" ","2023":"w","2024":"i","2025":"d","2026":"t","2027":"h","2028":":","2029":" ","2030":"1","2031":"0","2032":"0","2033":"%","2034":";","2035":"\\","2036":"r","2037":"\\","2038":"n","2039":" ","2040":" ","2041":"z","2042":"-","2043":"i","2044":"n","2045":"d","2046":"e","2047":"x","2048":":","2049":" ","2050":"1","2051":"0","2052":";","2053":"\\","2054":"r","2055":"\\","2056":"n","2057":"}","2058":"\\","2059":"r","2060":"\\","2061":"n","2062":"\\","2063":"r","2064":"\\","2065":"n","2066":"n","2067":"a","2068":"v","2069":" ","2070":"{","2071":"\\","2072":"r","2073":"\\","2074":"n","2075":" ","2076":" ","2077":"a","2078":" ","2079":"{","2080":"\\","2081":"r","2082":"\\","2083":"n","2084":" ","2085":" ","2086":" ","2087":" ","2088":"f","2089":"o","2090":"n","2091":"t","2092":"-","2093":"w","2094":"e","2095":"i","2096":"g","2097":"h","2098":"t","2099":":","2100":" ","2101":"b","2102":"o","2103":"l","2104":"d","2105":";","2106":"\\","2107":"r","2108":"\\","2109":"n","2110":" ","2111":" ","2112":" ","2113":" ","2114":"c","2115":"o","2116":"l","2117":"o","2118":"r","2119":":","2120":" ","2121":"b","2122":"l","2123":"a","2124":"c","2125":"k","2126":";","2127":"\\","2128":"r","2129":"\\","2130":"n","2131":" ","2132":" ","2133":" ","2134":" ","2135":"p","2136":"a","2137":"d","2138":"d","2139":"i","2140":"n","2141":"g","2142":":","2143":" ","2144":"1","2145":"2","2146":"p","2147":"x","2148":";","2149":"\\","2150":"r","2151":"\\","2152":"n","2153":" ","2154":" ","2155":"}","2156":"\\","2157":"r","2158":"\\","2159":"n","2160":"}","2161":"\\","2162":"r","2163":"\\","2164":"n","2165":"\\","2166":"r","2167":"\\","2168":"n","2169":".","2170":"m","2171":"e","2172":"s","2173":"s","2174":"a","2175":"g","2176":"e","2177":" ","2178":"{","2179":"\\","2180":"r","2181":"\\","2182":"n","2183":" ","2184":" ","2185":"m","2186":"a","2187":"r","2188":"g","2189":"i","2190":"n","2191":"-","2192":"t","2193":"o","2194":"p","2195":":","2196":" ","2197":"1","2198":"2","2199":"p","2200":"x","2201":";","2202":"\\","2203":"r","2204":"\\","2205":"n","2206":"}","2207":"\\","2208":"r","2209":"\\","2210":"n","2211":"<","2212":"/","2213":"s","2214":"t","2215":"y","2216":"l","2217":"e","2218":">","2219":"\\","2220":"r","2221":"\\","2222":"n","2223":"\"","2224":"]","2225":"}"},"_coverageSchema":"1a1c01bbd47fc00a2c39e90264f33305004495a9","hash":"fd9cc59c6e3d1e778cabb7ef496867365bb07eb0"}
,"C:\\Users\\ashle\\Development\\craft-demo\\client\\src\\components\\NoficationButton.vue": {"path":"C:\\Users\\ashle\\Development\\craft-demo\\client\\src\\components\\NoficationButton.vue","statementMap":{"0":{"start":{"line":4,"column":0},"end":{"line":6,"column":3}},"1":{"start":{"line":7,"column":0},"end":{"line":7,"column":25}},"2":{"start":{"line":66,"column":0},"end":{"line":68,"column":3}},"3":{"start":{"line":69,"column":0},"end":{"line":69,"column":24}},"4":{"start":{"line":70,"column":11},"end":{"line":70,"column":25}},"5":{"start":{"line":71,"column":19},"end":{"line":73,"column":1}},"6":{"start":{"line":74,"column":32},"end":{"line":79,"column":26}},"7":{"start":{"line":80,"column":19},"end":{"line":80,"column":31}},"8":{"start":{"line":82,"column":2},"end":{"line":89,"column":28}},"9":{"start":{"line":83,"column":49},"end":{"line":83,"column":70}},"10":{"start":{"line":90,"column":2},"end":{"line":90,"column":49}}},"fnMap":{"0":{"name":"render","decl":{"start":{"line":81,"column":9},"end":{"line":81,"column":15}},"loc":{"start":{"line":81,"column":63},"end":{"line":90,"column":1}},"line":81},"1":{"name":"(anonymous_1)","decl":{"start":{"line":83,"column":39},"end":{"line":83,"column":40}},"loc":{"start":{"line":83,"column":49},"end":{"line":83,"column":70}},"line":83}},"branchMap":{"0":{"loc":{"start":{"line":83,"column":13},"end":{"line":83,"column":71}},"type":"binary-expr","locations":[{"start":{"line":83,"column":13},"end":{"line":83,"column":22}},{"start":{"line":83,"column":27},"end":{"line":83,"column":70}}],"line":83}},"s":{"0":3,"1":3,"2":3,"3":3,"4":3,"5":3,"6":3,"7":3,"8":12,"9":3,"10":3},"f":{"0":12,"1":3},"b":{"0":[12,11]},"inputSourceMap":{"0":"{","1":"\"","2":"v","3":"e","4":"r","5":"s","6":"i","7":"o","8":"n","9":"\"","10":":","11":"3","12":",","13":"\"","14":"s","15":"o","16":"u","17":"r","18":"c","19":"e","20":"s","21":"\"","22":":","23":"[","24":"\"","25":"C","26":":","27":"/","28":"U","29":"s","30":"e","31":"r","32":"s","33":"/","34":"a","35":"s","36":"h","37":"l","38":"e","39":"/","40":"D","41":"e","42":"v","43":"e","44":"l","45":"o","46":"p","47":"m","48":"e","49":"n","50":"t","51":"/","52":"c","53":"r","54":"a","55":"f","56":"t","57":"-","58":"d","59":"e","60":"m","61":"o","62":"/","63":"c","64":"l","65":"i","66":"e","67":"n","68":"t","69":"/","70":"s","71":"r","72":"c","73":"/","74":"c","75":"o","76":"m","77":"p","78":"o","79":"n","80":"e","81":"n","82":"t","83":"s","84":"/","85":"N","86":"o","87":"f","88":"i","89":"c","90":"a","91":"t","92":"i","93":"o","94":"n","95":"B","96":"u","97":"t","98":"t","99":"o","100":"n","101":".","102":"v","103":"u","104":"e","105":"\"","106":"]","107":",","108":"\"","109":"n","110":"a","111":"m","112":"e","113":"s","114":"\"","115":":","116":"[","117":"]","118":",","119":"\"","120":"m","121":"a","122":"p","123":"p","124":"i","125":"n","126":"g","127":"s","128":"\"","129":":","130":"\"","131":";","132":";","133":";","134":";","135":";","136":";","137":";","138":"A","139":"A","140":"U","141":"A","142":";","143":"A","144":"A","145":"A","146":"A","147":";","148":"A","149":"A","150":"A","151":"A","152":";","153":"A","154":"A","155":"C","156":"A","157":";","158":"A","159":"A","160":"A","161":"A","162":";","163":"A","164":"A","165":"A","166":"A","167":";","168":"A","169":"A","170":"A","171":"g","172":"C","173":";","174":"A","175":"A","176":"A","177":"A","178":";","179":";","180":";","181":";","182":";","183":";","184":";","185":";","186":"I","187":"A","188":"C","189":"h","190":"C","191":",","192":"M","193":"A","194":"A","195":"M","196":",","197":"K","198":"A","199":"A","200":"K","201":";","202":"I","203":"A","204":"A","205":"G","206":";","207":"I","208":"A","209":"A","210":"A","211":";","212":"I","213":"A","214":"A","215":"A","216":";","217":"I","218":"A","219":"A","220":"A","221":";","222":"I","223":"A","224":"A","225":"A","226":";","227":"I","228":"A","229":"A","230":"A","231":",","232":"Q","233":"A","234":"A","235":"Q","236":",","237":"E","238":"A","239":"A","240":"C","241":",","242":"C","243":"A","244":"A","245":"C","246":";","247":"I","248":"A","249":"I","250":"x","251":"B","252":",","253":"M","254":"A","255":"A","256":"M","257":",","258":"S","259":"A","260":"A","261":"S","262":";","263":"I","264":"A","265":"A","266":"G","267":";","268":"I","269":"A","270":"A","271":"A","272":";","273":"I","274":"A","275":"A","276":"A","277":";","278":"I","279":"A","280":"A","281":"A","282":";","283":"I","284":"A","285":"A","286":"A","287":";","288":"I","289":"A","290":"A","291":"A","292":",","293":"Q","294":"A","295":"A","296":"Q","297":",","298":"E","299":"A","300":"A","301":"C","302":",","303":"M","304":"A","305":"A","306":"M","307":",","308":"K","309":"A","310":"A","311":"K","312":",","313":"C","314":"A","315":"A","316":"C","317":",","318":"K","319":"A","320":"A","321":"K","322":",","323":"C","324":"A","325":"A","326":"C","327":",","328":"S","329":"A","330":"A","331":"S","332":",","333":"C","334":"A","335":"A","336":"C","337":"\"","338":",","339":"\"","340":"f","341":"i","342":"l","343":"e","344":"\"","345":":","346":"\"","347":"C","348":":","349":"\\","350":"\\","351":"U","352":"s","353":"e","354":"r","355":"s","356":"\\","357":"\\","358":"a","359":"s","360":"h","361":"l","362":"e","363":"\\","364":"\\","365":"D","366":"e","367":"v","368":"e","369":"l","370":"o","371":"p","372":"m","373":"e","374":"n","375":"t","376":"\\","377":"\\","378":"c","379":"r","380":"a","381":"f","382":"t","383":"-","384":"d","385":"e","386":"m","387":"o","388":"\\","389":"\\","390":"c","391":"l","392":"i","393":"e","394":"n","395":"t","396":"\\","397":"\\","398":"s","399":"r","400":"c","401":"\\","402":"\\","403":"c","404":"o","405":"m","406":"p","407":"o","408":"n","409":"e","410":"n","411":"t","412":"s","413":"\\","414":"\\","415":"N","416":"o","417":"f","418":"i","419":"c","420":"a","421":"t","422":"i","423":"o","424":"n","425":"B","426":"u","427":"t","428":"t","429":"o","430":"n","431":".","432":"v","433":"u","434":"e","435":"\"","436":",","437":"\"","438":"s","439":"o","440":"u","441":"r","442":"c","443":"e","444":"s","445":"C","446":"o","447":"n","448":"t","449":"e","450":"n","451":"t","452":"\"","453":":","454":"[","455":"\"","456":"<","457":"t","458":"e","459":"m","460":"p","461":"l","462":"a","463":"t","464":"e","465":">","466":"\\","467":"r","468":"\\","469":"n","470":" ","471":" ","472":"<","473":"d","474":"i","475":"v","476":" ","477":"c","478":"l","479":"a","480":"s","481":"s","482":"=","483":"\\","484":"\"","485":"n","486":"o","487":"t","488":"i","489":"f","490":"i","491":"c","492":"a","493":"t","494":"i","495":"o","496":"n","497":"-","498":"w","499":"r","500":"a","501":"p","502":"p","503":"e","504":"r","505":"\\","506":"\"","507":">","508":"\\","509":"r","510":"\\","511":"n","512":" ","513":" ","514":" ","515":" ","516":"<","517":"b","518":"u","519":"t","520":"t","521":"o","522":"n","523":" ","524":"@","525":"c","526":"l","527":"i","528":"c","529":"k","530":"=","531":"\\","532":"\"","533":"e","534":"m","535":"i","536":"t","537":"(","538":"'","539":"t","540":"o","541":"g","542":"g","543":"l","544":"e","545":"'","546":")","547":"\\","548":"\"","549":" ","550":"c","551":"l","552":"a","553":"s","554":"s","555":"=","556":"\\","557":"\"","558":"n","559":"o","560":"t","561":"i","562":"f","563":"i","564":"c","565":"a","566":"t","567":"i","568":"o","569":"n","570":"-","571":"b","572":"u","573":"t","574":"t","575":"o","576":"n","577":"\\","578":"\"","579":">","580":"\\","581":"r","582":"\\","583":"n","584":" ","585":" ","586":" ","587":" ","588":" ","589":" ","590":"<","591":"i","592":" ","593":"c","594":"l","595":"a","596":"s","597":"s","598":"=","599":"\\","600":"\"","601":"p","602":"i","603":" ","604":"p","605":"i","606":"-","607":"b","608":"e","609":"l","610":"l","611":"\\","612":"\"","613":" ","614":"s","615":"t","616":"y","617":"l","618":"e","619":"=","620":"\\","621":"\"","622":"f","623":"o","624":"n","625":"t","626":"-","627":"s","628":"i","629":"z","630":"e","631":":","632":" ","633":"1","634":".","635":"5","636":"r","637":"e","638":"m","639":"\\","640":"\"","641":">","642":"<","643":"/","644":"i","645":">","646":"\\","647":"r","648":"\\","649":"n","650":" ","651":" ","652":" ","653":" ","654":"<","655":"/","656":"b","657":"u","658":"t","659":"t","660":"o","661":"n","662":">","663":"\\","664":"r","665":"\\","666":"n","667":" ","668":" ","669":" ","670":" ","671":"<","672":"d","673":"i","674":"v","675":" ","676":":","677":"c","678":"l","679":"a","680":"s","681":"s","682":"=","683":"\\","684":"\"","685":"{","686":" ","687":"b","688":"a","689":"d","690":"g","691":"e","692":":","693":" ","694":"s","695":"h","696":"o","697":"w","698":"B","699":"a","700":"d","701":"g","702":"e","703":" ","704":"}","705":"\\","706":"\"","707":">","708":"<","709":"/","710":"d","711":"i","712":"v","713":">","714":"\\","715":"r","716":"\\","717":"n","718":" ","719":" ","720":"<","721":"/","722":"d","723":"i","724":"v","725":">","726":"\\","727":"r","728":"\\","729":"n","730":"<","731":"/","732":"t","733":"e","734":"m","735":"p","736":"l","737":"a","738":"t","739":"e","740":">","741":"\\","742":"r","743":"\\","744":"n","745":"\\","746":"r","747":"\\","748":"n","749":"<","750":"s","751":"c","752":"r","753":"i","754":"p","755":"t","756":" ","757":"s","758":"e","759":"t","760":"u","761":"p","762":">","763":"\\","764":"r","765":"\\","766":"n","767":"i","768":"m","769":"p","770":"o","771":"r","772":"t","773":" ","774":"{","775":" ","776":"d","777":"e","778":"f","779":"i","780":"n","781":"e","782":"E","783":"m","784":"i","785":"t","786":"s","787":",","788":" ","789":"c","790":"o","791":"m","792":"p","793":"u","794":"t","795":"e","796":"d","797":" ","798":"}","799":" ","800":"f","801":"r","802":"o","803":"m","804":" ","805":"'","806":"v","807":"u","808":"e","809":"'","810":";","811":"\\","812":"r","813":"\\","814":"n","815":"i","816":"m","817":"p","818":"o","819":"r","820":"t","821":" ","822":"{","823":" ","824":"u","825":"s","826":"e","827":"S","828":"t","829":"o","830":"r","831":"e","832":" ","833":"}","834":" ","835":"f","836":"r","837":"o","838":"m","839":" ","840":"'","841":"v","842":"u","843":"e","844":"x","845":"'","846":";","847":"\\","848":"r","849":"\\","850":"n","851":"c","852":"o","853":"n","854":"s","855":"t","856":" ","857":"s","858":"t","859":"o","860":"r","861":"e","862":" ","863":"=","864":" ","865":"u","866":"s","867":"e","868":"S","869":"t","870":"o","871":"r","872":"e","873":"(","874":")","875":";","876":"\\","877":"r","878":"\\","879":"n","880":"\\","881":"r","882":"\\","883":"n","884":"c","885":"o","886":"n","887":"s","888":"t","889":" ","890":"e","891":"m","892":"i","893":"t","894":" ","895":"=","896":" ","897":"d","898":"e","899":"f","900":"i","901":"n","902":"e","903":"E","904":"m","905":"i","906":"t","907":"s","908":"(","909":"[","910":"'","911":"t","912":"o","913":"g","914":"g","915":"l","916":"e","917":"'","918":"]","919":")","920":";","921":"\\","922":"r","923":"\\","924":"n","925":"\\","926":"r","927":"\\","928":"n","929":"c","930":"o","931":"n","932":"s","933":"t","934":" ","935":"s","936":"h","937":"o","938":"w","939":"B","940":"a","941":"d","942":"g","943":"e","944":" ","945":"=","946":" ","947":"c","948":"o","949":"m","950":"p","951":"u","952":"t","953":"e","954":"d","955":"(","956":"(","957":")","958":" ","959":"=","960":">","961":" ","962":"s","963":"t","964":"o","965":"r","966":"e","967":".","968":"s","969":"t","970":"a","971":"t","972":"e","973":".","974":"s","975":"h","976":"o","977":"w","978":"B","979":"a","980":"d","981":"g","982":"e","983":")","984":";","985":"\\","986":"r","987":"\\","988":"n","989":"<","990":"/","991":"s","992":"c","993":"r","994":"i","995":"p","996":"t","997":">","998":"\\","999":"r","1000":"\\","1001":"n","1002":"\\","1003":"r","1004":"\\","1005":"n","1006":"<","1007":"s","1008":"t","1009":"y","1010":"l","1011":"e","1012":" ","1013":"s","1014":"c","1015":"o","1016":"p","1017":"e","1018":"d","1019":" ","1020":"l","1021":"a","1022":"n","1023":"g","1024":"=","1025":"\\","1026":"\"","1027":"s","1028":"c","1029":"s","1030":"s","1031":"\\","1032":"\"","1033":">","1034":"\\","1035":"r","1036":"\\","1037":"n","1038":".","1039":"n","1040":"o","1041":"t","1042":"i","1043":"f","1044":"i","1045":"c","1046":"a","1047":"t","1048":"i","1049":"o","1050":"n","1051":"-","1052":"w","1053":"r","1054":"a","1055":"p","1056":"p","1057":"e","1058":"r","1059":" ","1060":"{","1061":"\\","1062":"r","1063":"\\","1064":"n","1065":" ","1066":" ","1067":"p","1068":"o","1069":"s","1070":"i","1071":"t","1072":"i","1073":"o","1074":"n","1075":":","1076":" ","1077":"r","1078":"e","1079":"l","1080":"a","1081":"t","1082":"i","1083":"v","1084":"e","1085":";","1086":"\\","1087":"r","1088":"\\","1089":"n","1090":"}","1091":"\\","1092":"r","1093":"\\","1094":"n","1095":".","1096":"n","1097":"o","1098":"t","1099":"i","1100":"f","1101":"i","1102":"c","1103":"a","1104":"t","1105":"i","1106":"o","1107":"n","1108":"-","1109":"b","1110":"u","1111":"t","1112":"t","1113":"o","1114":"n","1115":" ","1116":"{","1117":"\\","1118":"r","1119":"\\","1120":"n","1121":" ","1122":" ","1123":"p","1124":"a","1125":"d","1126":"d","1127":"i","1128":"n","1129":"g","1130":":","1131":" ","1132":"1","1133":"2","1134":"p","1135":"x","1136":";","1137":"\\","1138":"r","1139":"\\","1140":"n","1141":" ","1142":" ","1143":"b","1144":"a","1145":"c","1146":"k","1147":"g","1148":"r","1149":"o","1150":"u","1151":"n","1152":"d","1153":":","1154":" ","1155":"n","1156":"o","1157":"n","1158":"e","1159":";","1160":"\\","1161":"r","1162":"\\","1163":"n","1164":" ","1165":" ","1166":"b","1167":"o","1168":"r","1169":"d","1170":"e","1171":"r","1172":":","1173":" ","1174":"n","1175":"o","1176":"n","1177":"e","1178":";","1179":"\\","1180":"r","1181":"\\","1182":"n","1183":" ","1184":" ","1185":"c","1186":"u","1187":"r","1188":"s","1189":"o","1190":"r","1191":":","1192":" ","1193":"p","1194":"o","1195":"i","1196":"n","1197":"t","1198":"e","1199":"r","1200":";","1201":"\\","1202":"r","1203":"\\","1204":"n","1205":" ","1206":" ","1207":"m","1208":"a","1209":"r","1210":"g","1211":"i","1212":"n","1213":"-","1214":"r","1215":"i","1216":"g","1217":"h","1218":"t","1219":":","1220":" ","1221":"1","1222":"2","1223":"p","1224":"x","1225":";","1226":"\\","1227":"r","1228":"\\","1229":"n","1230":"}","1231":"\\","1232":"r","1233":"\\","1234":"n","1235":"\\","1236":"r","1237":"\\","1238":"n","1239":".","1240":"b","1241":"a","1242":"d","1243":"g","1244":"e","1245":" ","1246":"{","1247":"\\","1248":"r","1249":"\\","1250":"n","1251":" ","1252":" ","1253":"b","1254":"a","1255":"c","1256":"k","1257":"g","1258":"r","1259":"o","1260":"u","1261":"n","1262":"d","1263":"-","1264":"c","1265":"o","1266":"l","1267":"o","1268":"r","1269":":","1270":" ","1271":"#","1272":"c","1273":"7","1274":"0","1275":"7","1276":"0","1277":"0","1278":";","1279":"\\","1280":"r","1281":"\\","1282":"n","1283":" ","1284":" ","1285":"b","1286":"o","1287":"r","1288":"d","1289":"e","1290":"r","1291":"-","1292":"r","1293":"a","1294":"d","1295":"i","1296":"u","1297":"s","1298":":","1299":" ","1300":"5","1301":"0","1302":"%","1303":";","1304":"\\","1305":"r","1306":"\\","1307":"n","1308":" ","1309":" ","1310":"p","1311":"o","1312":"s","1313":"i","1314":"t","1315":"i","1316":"o","1317":"n","1318":":","1319":" ","1320":"a","1321":"b","1322":"s","1323":"o","1324":"l","1325":"u","1326":"t","1327":"e","1328":";","1329":"\\","1330":"r","1331":"\\","1332":"n","1333":" ","1334":" ","1335":"w","1336":"i","1337":"d","1338":"t","1339":"h","1340":":","1341":" ","1342":"1","1343":"8","1344":"p","1345":"x","1346":";","1347":"\\","1348":"r","1349":"\\","1350":"n","1351":" ","1352":" ","1353":"h","1354":"e","1355":"i","1356":"g","1357":"h","1358":"t","1359":":","1360":" ","1361":"1","1362":"8","1363":"p","1364":"x","1365":";","1366":"\\","1367":"r","1368":"\\","1369":"n","1370":" ","1371":" ","1372":"t","1373":"o","1374":"p","1375":":","1376":" ","1377":"4","1378":"p","1379":"x","1380":";","1381":"\\","1382":"r","1383":"\\","1384":"n","1385":" ","1386":" ","1387":"l","1388":"e","1389":"f","1390":"t","1391":":","1392":" ","1393":"2","1394":"4","1395":"p","1396":"x","1397":";","1398":"\\","1399":"r","1400":"\\","1401":"n","1402":"}","1403":"\\","1404":"r","1405":"\\","1406":"n","1407":"<","1408":"/","1409":"s","1410":"t","1411":"y","1412":"l","1413":"e","1414":">","1415":"\\","1416":"r","1417":"\\","1418":"n","1419":"\"","1420":"]","1421":"}"},"_coverageSchema":"1a1c01bbd47fc00a2c39e90264f33305004495a9","hash":"13cbdcfebbaea404bdcc8d67eae0a5ae4cb7f097"}
,"C:\\Users\\ashle\\Development\\craft-demo\\client\\src\\components\\PostCard.vue": {"path":"C:\\Users\\ashle\\Development\\craft-demo\\client\\src\\components\\PostCard.vue","statementMap":{"0":{"start":{"line":4,"column":29},"end":{"line":4,"column":153}},"1":{"start":{"line":5,"column":0},"end":{"line":7,"column":3}},"2":{"start":{"line":8,"column":0},"end":{"line":8,"column":25}},"3":{"start":{"line":53,"column":0},"end":{"line":55,"column":3}},"4":{"start":{"line":56,"column":0},"end":{"line":56,"column":24}},"5":{"start":{"line":57,"column":11},"end":{"line":57,"column":25}},"6":{"start":{"line":58,"column":19},"end":{"line":61,"column":1}},"7":{"start":{"line":62,"column":19},"end":{"line":64,"column":1}},"8":{"start":{"line":65,"column":19},"end":{"line":67,"column":1}},"9":{"start":{"line":68,"column":19},"end":{"line":70,"column":1}},"10":{"start":{"line":71,"column":19},"end":{"line":73,"column":1}},"11":{"start":{"line":75,"column":2},"end":{"line":78,"column":609}},"12":{"start":{"line":79,"column":2},"end":{"line":79,"column":49}}},"fnMap":{"0":{"name":"render","decl":{"start":{"line":74,"column":9},"end":{"line":74,"column":15}},"loc":{"start":{"line":74,"column":63},"end":{"line":79,"column":1}},"line":74}},"branchMap":{"0":{"loc":{"start":{"line":75,"column":9},"end":{"line":78,"column":608}},"type":"cond-expr","locations":[{"start":{"line":75,"column":24},"end":{"line":78,"column":562}},{"start":{"line":78,"column":566},"end":{"line":78,"column":608}}],"line":75}},"s":{"0":6,"1":6,"2":6,"3":6,"4":6,"5":6,"6":6,"7":6,"8":6,"9":6,"10":6,"11":35,"12":6},"f":{"0":35},"b":{"0":[34,1]},"inputSourceMap":{"0":"{","1":"\"","2":"v","3":"e","4":"r","5":"s","6":"i","7":"o","8":"n","9":"\"","10":":","11":"3","12":",","13":"\"","14":"s","15":"o","16":"u","17":"r","18":"c","19":"e","20":"s","21":"\"","22":":","23":"[","24":"\"","25":"C","26":":","27":"/","28":"U","29":"s","30":"e","31":"r","32":"s","33":"/","34":"a","35":"s","36":"h","37":"l","38":"e","39":"/","40":"D","41":"e","42":"v","43":"e","44":"l","45":"o","46":"p","47":"m","48":"e","49":"n","50":"t","51":"/","52":"c","53":"r","54":"a","55":"f","56":"t","57":"-","58":"d","59":"e","60":"m","61":"o","62":"/","63":"c","64":"l","65":"i","66":"e","67":"n","68":"t","69":"/","70":"s","71":"r","72":"c","73":"/","74":"c","75":"o","76":"m","77":"p","78":"o","79":"n","80":"e","81":"n","82":"t","83":"s","84":"/","85":"P","86":"o","87":"s","88":"t","89":"C","90":"a","91":"r","92":"d","93":".","94":"v","95":"u","96":"e","97":"\"","98":"]","99":",","100":"\"","101":"n","102":"a","103":"m","104":"e","105":"s","106":"\"","107":":","108":"[","109":"]","110":",","111":"\"","112":"m","113":"a","114":"p","115":"p","116":"i","117":"n","118":"g","119":"s","120":"\"","121":":","122":"\"","123":";","124":";","125":";","126":";","127":";","128":";","129":";","130":";","131":"A","132":"A","133":"o","134":"B","135":"A","136":";","137":"A","138":"A","139":"A","140":"A","141":";","142":"A","143":"A","144":"A","145":"A","146":";","147":"A","148":"A","149":"A","150":"w","151":"C","152":";","153":"A","154":"A","155":"A","156":"A","157":"\"","158":",","159":"\"","160":"f","161":"i","162":"l","163":"e","164":"\"","165":":","166":"\"","167":"C","168":":","169":"\\","170":"\\","171":"U","172":"s","173":"e","174":"r","175":"s","176":"\\","177":"\\","178":"a","179":"s","180":"h","181":"l","182":"e","183":"\\","184":"\\","185":"D","186":"e","187":"v","188":"e","189":"l","190":"o","191":"p","192":"m","193":"e","194":"n","195":"t","196":"\\","197":"\\","198":"c","199":"r","200":"a","201":"f","202":"t","203":"-","204":"d","205":"e","206":"m","207":"o","208":"\\","209":"\\","210":"c","211":"l","212":"i","213":"e","214":"n","215":"t","216":"\\","217":"\\","218":"s","219":"r","220":"c","221":"\\","222":"\\","223":"c","224":"o","225":"m","226":"p","227":"o","228":"n","229":"e","230":"n","231":"t","232":"s","233":"\\","234":"\\","235":"P","236":"o","237":"s","238":"t","239":"C","240":"a","241":"r","242":"d","243":".","244":"v","245":"u","246":"e","247":"\"","248":",","249":"\"","250":"s","251":"o","252":"u","253":"r","254":"c","255":"e","256":"s","257":"C","258":"o","259":"n","260":"t","261":"e","262":"n","263":"t","264":"\"","265":":","266":"[","267":"\"","268":"<","269":"t","270":"e","271":"m","272":"p","273":"l","274":"a","275":"t","276":"e","277":">","278":"\\","279":"r","280":"\\","281":"n","282":" ","283":" ","284":"<","285":"d","286":"i","287":"v","288":" ","289":"v","290":"-","291":"i","292":"f","293":"=","294":"\\","295":"\"","296":"p","297":"o","298":"s","299":"t","300":"\\","301":"\"","302":" ","303":"c","304":"l","305":"a","306":"s","307":"s","308":"=","309":"\\","310":"\"","311":"p","312":"o","313":"s","314":"t","315":"-","316":"c","317":"a","318":"r","319":"d","320":"\\","321":"\"","322":">","323":"\\","324":"r","325":"\\","326":"n","327":" ","328":" ","329":" ","330":" ","331":"<","332":"d","333":"i","334":"v","335":" ","336":"c","337":"l","338":"a","339":"s","340":"s","341":"=","342":"\\","343":"\"","344":"h","345":"e","346":"a","347":"d","348":"i","349":"n","350":"g","351":"-","352":"c","353":"o","354":"n","355":"t","356":"a","357":"i","358":"n","359":"e","360":"r","361":"\\","362":"\"","363":">","364":"\\","365":"r","366":"\\","367":"n","368":" ","369":" ","370":" ","371":" ","372":" ","373":" ","374":"<","375":"A","376":"v","377":"a","378":"t","379":"a","380":"r","381":"I","382":"m","383":"a","384":"g","385":"e","386":" ","387":":","388":"a","389":"v","390":"a","391":"t","392":"a","393":"r","394":"=","395":"\\","396":"\"","397":"p","398":"o","399":"s","400":"t","401":".","402":"a","403":"v","404":"a","405":"t","406":"a","407":"r","408":"\\","409":"\"","410":" ","411":":","412":"s","413":"i","414":"z","415":"e","416":"=","417":"\\","418":"\"","419":"a","420":"v","421":"a","422":"t","423":"a","424":"r","425":"S","426":"i","427":"z","428":"e","429":"\\","430":"\"","431":" ","432":"/","433":">","434":"\\","435":"r","436":"\\","437":"n","438":" ","439":" ","440":" ","441":" ","442":" ","443":" ","444":"<","445":"d","446":"i","447":"v","448":" ","449":"c","450":"l","451":"a","452":"s","453":"s","45
[...]
39":"v","2840":"u","2841":"e","2842":"-","2843":"r","2844":"o","2845":"u","2846":"t","2847":"e","2848":"r","2849":"'","2850":";","2851":"\\","2852":"n","2853":"i","2854":"m","2855":"p","2856":"o","2857":"r","2858":"t","2859":" ","2860":"g","2861":"e","2862":"t","2863":"I","2864":"m","2865":"a","2866":"g","2867":"e","2868":" ","2869":"f","2870":"r","2871":"o","2872":"m","2873":" ","2874":"'","2875":".","2876":".","2877":"/","2878":"u","2879":"t","2880":"i","2881":"l","2882":"s","2883":"/","2884":"g","2885":"e","2886":"t","2887":"I","2888":"m","2889":"a","2890":"g","2891":"e","2892":"'","2893":";","2894":"\\","2895":"n","2896":"i","2897":"m","2898":"p","2899":"o","2900":"r","2901":"t","2902":" ","2903":"P","2904":"o","2905":"s","2906":"t","2907":"C","2908":"a","2909":"r","2910":"d","2911":" ","2912":"f","2913":"r","2914":"o","2915":"m","2916":" ","2917":"'","2918":".","2919":".","2920":"/","2921":"c","2922":"o","2923":"m","2924":"p","2925":"o","2926":"n","2927":"e","2928":"n","2929":"t","2930":"s","2931":"/","2932":"P","2933":"o","2934":"s","2935":"t","2936":"C","2937":"a","2938":"r","2939":"d","2940":"'","2941":";","2942":"\\","2943":"n","2944":"i","2945":"m","2946":"p","2947":"o","2948":"r","2949":"t","2950":" ","2951":"P","2952":"o","2953":"s","2954":"t","2955":"F","2956":"o","2957":"r","2958":"m","2959":" ","2960":"f","2961":"r","2962":"o","2963":"m","2964":" ","2965":"'","2966":".","2967":".","2968":"/","2969":"c","2970":"o","2971":"m","2972":"p","2973":"o","2974":"n","2975":"e","2976":"n","2977":"t","2978":"s","2979":"/","2980":"P","2981":"o","2982":"s","2983":"t","2984":"F","2985":"o","2986":"r","2987":"m","2988":"'","2989":";","2990":"\\","2991":"n","2992":"c","2993":"o","2994":"n","2995":"s","2996":"t","2997":" ","2998":"s","2999":"t","3000":"o","3001":"r","3002":"e","3003":" ","3004":"=","3005":" ","3006":"u","3007":"s","3008":"e","3009":"S","3010":"t","3011":"o","3012":"r","3013":"e","3014":"(","3015":")","3016":";","3017":"\\","3018":"n","3019":"c","3020":"o","3021":"n","3022":"s","3023":"t","3024":" ","3025":"r","3026":"o","3027":"u","3028":"t","3029":"e","3030":" ","3031":"=","3032":" ","3033":"u","3034":"s","3035":"e","3036":"R","3037":"o","3038":"u","3039":"t","3040":"e","3041":"(","3042":")","3043":";","3044":"\\","3045":"n","3046":"\\","3047":"n","3048":"o","3049":"n","3050":"M","3051":"o","3052":"u","3053":"n","3054":"t","3055":"e","3056":"d","3057":"(","3058":"a","3059":"s","3060":"y","3061":"n","3062":"c","3063":" ","3064":"(","3065":")","3066":" ","3067":"=","3068":">","3069":" ","3070":"{","3071":"\\","3072":"n","3073":" ","3074":" ","3075":"a","3076":"w","3077":"a","3078":"i","3079":"t","3080":" ","3081":"s","3082":"t","3083":"o","3084":"r","3085":"e","3086":".","3087":"d","3088":"i","3089":"s","3090":"p","3091":"a","3092":"t","3093":"c","3094":"h","3095":"(","3096":"'","3097":"f","3098":"e","3099":"t","3100":"c","3101":"h","3102":"C","3103":"o","3104":"m","3105":"m","3106":"e","3107":"n","3108":"t","3109":"s","3110":"'","3111":")","3112":";","3113":"\\","3114":"n","3115":"}","3116":")","3117":";","3118":"\\","3119":"n","3120":"c","3121":"o","3122":"n","3123":"s","3124":"t","3125":" ","3126":"h","3127":"i","3128":"d","3129":"e","3130":"C","3131":"o","3132":"m","3133":"m","3134":"e","3135":"n","3136":"t","3137":"s","3138":" ","3139":"=","3140":" ","3141":"r","3142":"e","3143":"f","3144":"(","3145":"t","3146":"r","3147":"u","3148":"e","3149":")","3150":";","3151":"\\","3152":"n","3153":"c","3154":"o","3155":"n","3156":"s","3157":"t","3158":" ","3159":"p","3160":"o","3161":"s","3162":"t","3163":" ","3164":"=","3165":" ","3166":"c","3167":"o","3168":"m","3169":"p","3170":"u","3171":"t","3172":"e","3173":"d","3174":"(","3175":"(","3176":")","3177":" ","3178":"=","3179":">","3180":" ","3181":"s","3182":"t","3183":"o","3184":"r","3185":"e","3186":".","3187":"g","3188":"e","3189":"t","3190":"t","3191":"e","3192":"r","3193":"s","3194":".","3195":"g","3196":"e","3197":"t","3198":"P","3199":"o","3200":"s","3201":"t","3202":"(","3203":"r","3204":"o","3205":"u","3206":"t","3207":"e","3208":".","3209":"p","3210":"a","3211":"r","3212":"a","3213":"m","3214":"s","3215":".","3216":"i","3217":"d","3218":")","3219":")","3220":";","3221":"\\","3222":"n","3223":"c","3224":"o","3225":"n","3226":"s","3227":"t","3228":" ","3229":"c","3230":"o","3231":"m","3232":"m","3233":"e","3234":"n","3235":"t","3236":"s","3237":" ","3238":"=","3239":" ","3240":"c","3241":"o","3242":"m","3243":"p","3244":"u","3245":"t","3246":"e","3247":"d","3248":"(","3249":"(","3250":")","3251":" ","3252":"=","3253":">","3254":" ","3255":"s","3256":"t","3257":"o","3258":"r","3259":"e","3260":".","3261":"s","3262":"t","3263":"a","3264":"t","3265":"e","3266":".","3267":"c","3268":"o","3269":"m","3270":"m","3271":"e","3272":"n","3273":"t","3274":"s","3275":")","3276":";","3277":"\\","3278":"n","3279":"c","3280":"o","3281":"n","3282":"s","3283":"t","3284":" ","3285":"t","3286":"o","3287":"g","3288":"g","3289":"l","3290":"e","3291":"C","3292":"o","3293":"m","3294":"m","3295":"e","3296":"n","3297":"t","3298":"s","3299":" ","3300":"=","3301":" ","3302":"(","3303":")","3304":" ","3305":"=","3306":">","3307":" ","3308":"{","3309":"\\","3310":"n","3311":" ","3312":" ","3313":"h","3314":"i","3315":"d","3316":"e","3317":"C","3318":"o","3319":"m","3320":"m","3321":"e","3322":"n","3323":"t","3324":"s","3325":".","3326":"v","3327":"a","3328":"l","3329":"u","3330":"e","3331":" ","3332":"=","3333":" ","3334":"!","3335":"h","3336":"i","3337":"d","3338":"e","3339":"C","3340":"o","3341":"m","3342":"m","3343":"e","3344":"n","3345":"t","3346":"s","3347":".","3348":"v","3349":"a","3350":"l","3351":"u","3352":"e","3353":";","3354":"\\","3355":"n","3356":"}","3357":";","3358":"\\","3359":"n","3360":"/","3361":"/","3362":"T","3363":"O","3364":"D","3365":"O","3366":":","3367":" ","3368":"c","3369":"o","3370":"n","3371":"v","3372":"e","3373":"r","3374":"t","3375":" ","3376":"t","3377":"i","3378":"m","3379":"e","3380":"s","3381":"t","3382":"a","3383":"m","3384":"p","3385":"\\","3386":"n","3387":"/","3388":"/","3389":" ","3390":"c","3391":"o","3392":"n","3393":"s","3394":"t","3395":" ","3396":"g","3397":"e","3398":"t","3399":"C","3400":"r","3401":"e","3402":"a","3403":"t","3404":"e","3405":"d","3406":" ","3407":"=","3408":" ","3409":"(","3410":"c","3411":"r","3412":"e","3413":"a","3414":"t","3415":"e","3416":"d","3417":")","3418":" ","3419":"=","3420":">","3421":" ","3422":"{","3423":"\\","3424":"n","3425":"/","3426":"/","3427":"\\","3428":"n","3429":"/","3430":"/","3431":" ","3432":"}","3433":"\\","3434":"n","3435":"<","3436":"/","3437":"s","3438":"c","3439":"r","3440":"i","3441":"p","3442":"t","3443":">","3444":"\\","3445":"n","3446":"\\","3447":"n","3448":"<","3449":"s","3450":"t","3451":"y","3452":"l","3453":"e","3454":" ","3455":"s","3456":"c","3457":"o","3458":"p","3459":"e","3460":"d","3461":" ","3462":"l","3463":"a","3464":"n","3465":"g","3466":"=","3467":"\\","3468":"\"","3469":"s","3470":"c","3471":"s","3472":"s","3473":"\\","3474":"\"","3475":">","3476":"\\","3477":"n","3478":".","3479":"p","3480":"o","3481":"s","3482":"t","3483":"-","3484":"c","3485":"o","3486":"n","3487":"t","3488":"e","3489":"n","3490":"t","3491":" ","3492":"{","3493":"\\","3494":"n","3495":" ","3496":" ","3497":"b","3498":"o","3499":"r","3500":"d","3501":"e","3502":"r","3503":"-","3504":"r","3505":"a","3506":"d","3507":"i","3508":"u","3509":"s","3510":":","3511":" ","3512":"1","3513":"2","3514":"p","3515":"x","3516":";","3517":"\\","3518":"n","3519":" ","3520":" ","3521":"p","3522":"a","3523":"d","3524":"d","3525":"i","3526":"n","3527":"g","3528":":","3529":" ","3530":"2","3531":"4","3532":"p","3533":"x","3534":";","3535":"\\","3536":"n","3537":" ","3538":" ","3539":"b","3540":"a","3541":"c","3542":"k","3543":"g","3544":"r","3545":"o","3546":"u","3547":"n","3548":"d","3549":"-","3550":"c","3551":"o","3552":"l","3553":"o","3554":"r","3555":":","3556":" ","3557":"w","3558":"h","3559":"i","3560":"t","3561":"e","3562":";","3563":"\\","3564":"n","3565":" ","3566":" ","3567":"b","3568":"o","3569":"r","3570":"d","3571":"e","3572":"r","3573":":","3574":" ","3575":"g","3576":"r","3577":"e","3578":"y","3579":" ","3580":"s","3581":"o","3582":"l","3583":"i","3584":"d","3585":" ","3586":"1","3587":"p","3588":"x","3589":";","3590":"\\","3591":"n","3592":"}","3593":"\\","3594":"n","3595":".","3596":"c","3597":"o","3598":"n","3599":"t","3600":"e","3601":"n","3602":"t","3603":"-","3604":"w","3605":"r","3606":"a","3607":"p","3608":"p","3609":"e","3610":"r","3611":" ","3612":"{","3613":"\\","3614":"n","3615":" ","3616":" ","3617":"b","3618":"a","3619":"c","3620":"k","3621":"g","3622":"r","3623":"o","3624":"u","3625":"n","3626":"d","3627":"-","3628":"c","3629":"o","3630":"l","3631":"o","3632":"r","3633":":","3634":" ","3635":"w","3636":"h","3637":"i","3638":"t","3639":"e","3640":";","3641":"\\","3642":"n","3643":" ","3644":" ","3645":"p","3646":"a","3647":"d","3648":"d","3649":"i","3650":"n","3651":"g","3652":":","3653":" ","3654":"2","3655":"4","3656":"p","3657":"x","3658":";","3659":"\\","3660":"n","3661":"}","3662":"\\","3663":"n","3664":"\\","3665":"n","3666":".","3667":"p","3668":"o","3669":"s","3670":"t","3671":" ","3672":"{","3673":"\\","3674":"n","3675":" ","3676":" ","3677":"d","3678":"i","3679":"s","3680":"p","3681":"l","3682":"a","3683":"y","3684":":","3685":" ","3686":"f","3687":"l","3688":"e","3689":"x","3690":";","3691":"\\","3692":"n","3693":" ","3694":" ","3695":"f","3696":"l","3697":"e","3698":"x","3699":"-","3700":"d","3701":"i","3702":"r","3703":"e","3704":"c","3705":"t","3706":"i","3707":"o","3708":"n","3709":":","3710":" ","3711":"c","3712":"o","3713":"l","3714":"u","3715":"m","3716":"n","3717":";","3718":"\\","3719":"n","3720":" ","3721":" ","3722":"m","3723":"a","3724":"r","3725":"g","3726":"i","3727":"n","3728":"-","3729":"b","3730":"o","3731":"t","3732":"t","3733":"o","3734":"m","3735":":","3736":" ","3737":"2","3738":"4","3739":"p","3740":"x","3741":";","3742":"\\","3743":"n","3744":" ","3745":" ","3746":"@","3747":"m","3748":"e","3749":"d","3750":"i","3751":"a","3752":" ","3753":"o","3754":"n","3755":"l","3756":"y","3757":" ","3758":"s","3759":"c","3760":"r","3761":"e","3762":"e","3763":"n","3764":" ","3765":"a","3766":"n","3767":"d","3768":" ","3769":"(","3770":"m","3771":"i","3772":"n","3773":"-","3774":"w","3775":"i","3776":"d","3777":"t","3778":"h","3779":":","3780":" ","3781":"1","3782":"2","3783":"0","3784":"0","3785":"p","3786":"x","3787":")","3788":" ","3789":"{","3790":"\\","3791":"n","3792":" ","3793":" ","3794":" ","3795":" ","3796":"p","3797":"a","3798":"d","3799":"d","3800":"i","3801":"n","3802":"g","3803":":","3804":" ","3805":"0","3806":" ","3807":"2","3808":"0","3809":"%","3810":";","3811":"\\","3812":"n","3813":" ","3814":" ","3815":"}","3816":"\\","3817":"n","3818":"}","3819":"\\","3820":"n","3821":"\\","3822":"n","3823":".","3824":"i","3825":"m","3826":"a","3827":"g","3828":"e","3829":"-","3830":"c","3831":"o","3832":"n","3833":"t","3834":"a","3835":"i","3836":"n","3837":"e","3838":"r","3839":" ","3840":"{","3841":"\\","3842":"n","3843":" ","3844":" ","3845":"i","3846":"m","3847":"g","3848":" ","3849":"{","3850":"\\","3851":"n","3852":" ","3853":" ","3854":" ","3855":" ","3856":"m","3857":"a","3858":"x","3859":"-","3860":"w","3861":"i","3862":"d","3863":"t","3864":"h","3865":":","3866":" ","3867":"2","3868":"0","3869":"0","3870":"p","3871":"x","3872":";","3873":"\\","3874":"n","3875":" ","3876":" ","3877":" ","3878":" ","3879":"w","3880":"i","3881":"d","3882":"t","3883":"h","3884":":","3885":" ","3886":"1","3887":"0","3888":"0","3889":"%","3890":";","3891":"\\","3892":"n","3893":" ","3894":" ","3895":" ","3896":" ","3897":"h","3898":"e","3899":"i","3900":"g","3901":"h","3902":"t","3903":":","3904":" ","3905":"a","3906":"u","3907":"t","3908":"o","3909":";","3910":"\\","3911":"n","3912":" ","3913":" ","3914":"}","3915":"\\","3916":"n","3917":"}","3918":"\\","3919":"n","3920":"h","3921":"3","3922":" ","3923":"{","3924":"\\","3925":"n","3926":" ","3927":" ","3928":"f","3929":"o","3930":"n","3931":"t","3932":"-","3933":"s","3934":"i","3935":"z","3936":"e","3937":":","3938":" ","3939":"1","3940":"4","3941":"p","3942":"x","3943":";","3944":"\\","3945":"n","3946":" ","3947":" ","3948":"m","3949":"a","3950":"r","3951":"g","3952":"i","3953":"n","3954":"-","3955":"r","3956":"i","3957":"g","3958":"h","3959":"t","3960":":","3961":" ","3962":"2","3963":"4","3964":"p","3965":"x","3966":";","3967":"\\","3968":"n","3969":" ","3970":" ","3971":"t","3972":"e","3973":"x","3974":"t","3975":"-","3976":"a","3977":"l","3978":"i","3979":"g","3980":"n","3981":":","3982":" ","3983":"r","3984":"i","3985":"g","3986":"h","3987":"t","3988":";","3989":"\\","3990":"n","3991":"}","3992":"\\","3993":"n","3994":".","3995":"c","3996":"o","3997":"m","3998":"m","3999":"e","4000":"n","4001":"t","4002":"s","4003":" ","4004":"{","4005":"\\","4006":"n","4007":" ","4008":" ","4009":"p","4010":"a","4011":"d","4012":"d","4013":"i","4014":"n","4015":"g","4016":":","4017":" ","4018":"1","4019":"2","4020":"p","4021":"x","4022":" ","4023":"2","4024":"4","4025":"p","4026":"x","4027":" ","4028":"2","4029":"4","4030":"p","4031":"x","4032":" ","4033":"2","4034":"4","4035":"p","4036":"x","4037":";","4038":"\\","4039":"n","4040":" ","4041":" ","4042":"&","4043":".","4044":"h","4045":"i","4046":"d","4047":"e","4048":" ","4049":"{","4050":"\\","4051":"n","4052":" ","4053":" ","4054":" ","4055":" ","4056":"m","4057":"a","4058":"x","4059":"-","4060":"h","4061":"e","4062":"i","4063":"g","4064":"h","4065":"t","4066":":","4067":" ","4068":"3","4069":"2","4070":"4","4071":"p","4072":"x","4073":";","4074":"\\","4075":"n","4076":" ","4077":" ","4078":" ","4079":" ","4080":"o","4081":"v","4082":"e","4083":"r","4084":"f","4085":"l","4086":"o","4087":"w","4088":":","4089":" ","4090":"h","4091":"i","4092":"d","4093":"d","4094":"e","4095":"n","4096":";","4097":"\\","4098":"n","4099":" ","4100":" ","4101":"}","4102":"\\","4103":"n","4104":"}","4105":"\\","4106":"n","4107":".","4108":"c","4109":"o","4110":"m","4111":"m","4112":"e","4113":"n","4114":"t","4115":" ","4116":"{","4117":"\\","4118":"n","4119":" ","4120":" ","4121":"d","4122":"i","4123":"s","4124":"p","4125":"l","4126":"a","4127":"y","4128":":","4129":" ","4130":"f","4131":"l","4132":"e","4133":"x","4134":";","4135":"\\","4136":"n","4137":" ","4138":" ","4139":"f","4140":"l","4141":"e","4142":"x","4143":"-","4144":"d","4145":"i","4146":"r","4147":"e","4148":"c","4149":"t","4150":"i","4151":"o","4152":"n","4153":":","4154":" ","4155":"c","4156":"o","4157":"l","4158":"u","4159":"m","4160":"n","4161":";","4162":"\\","4163":"n","4164":" ","4165":" ","4166":"b","4167":"o","4168":"r","4169":"d","4170":"e","4171":"r","4172":":","4173":" ","4174":"g","4175":"r","4176":"e","4177":"y","4178":" ","4179":"s","4180":"o","4181":"l","4182":"i","4183":"d","4184":" ","4185":"1","4186":"p","4187":"x","4188":";","4189":"\\","4190":"n","4191":" ","4192":" ","4193":"b","4194":"a","4195":"c","4196":"k","4197":"g","4198":"r","4199":"o","4200":"u","4201":"n","4202":"d","4203":"-","4204":"c","4205":"o","4206":"l","4207":"o","4208":"r","4209":":","4210":" ","4211":"w","4212":"h","4213":"i","4214":"t","4215":"e","4216":";","4217":"\\","4218":"n","4219":" ","4220":" ","4221":"b","4222":"o","4223":"r","4224":"d","4225":"e","4226":"r","4227":"-","4228":"r","4229":"a","4230":"d","4231":"i","4232":"u","4233":"s","4234":":","4235":" ","4236":"1","4237":"2","4238":"p","4239":"x","4240":";","4241":"\\","4242":"n","4243":" ","4244":" ","4245":"t","4246":"e","4247":"x","4248":"t","4249":"-","4250":"a","4251":"l","4252":"i","4253":"g","4254":"n","4255":":","4256":" ","4257":"l","4258":"e","4259":"f","4260":"t","4261":";","4262":"\\","4263":"n","4264":" ","4265":" ","4266":"p","4267":"a","4268":"d","4269":"d","4270":"i","4271":"n","4272":"g","4273":":","4274":" ","4275":"8","4276":"p","4277":"x","4278":";","4279":"\\","4280":"n","4281":" ","4282":" ","4283":"m","4284":"a","4285":"r","4286":"g","4287":"i","4288":"n","4289":"-","4290":"b","4291":"o","4292":"t","4293":"t","4294":"o","4295":"m","4296":":","4297":" ","4298":"2","4299":"4","4300":"p","4301":"x","4302":";","4303":"\\","4304":"n","4305":"}","4306":"\\","4307":"n","4308":".","4309":"c","4310":"o","4311":"m","4312":"m","4313":"e","4314":"n","4315":"t","4316":"-","4317":"h","4318":"e","4319":"a","4320":"d","4321":"i","4322":"n","4323":"g","4324":" ","4325":"{","4326":"\\","4327":"n","4328":" ","4329":" ","4330":"d","4331":"i","4332":"s","4333":"p","4334":"l","4335":"a","4336":"y","4337":":","4338":" ","4339":"f","4340":"l","4341":"e","4342":"x","4343":";","4344":"\\","4345":"n","4346":" ","4347":" ","4348":"f","4349":"o","4350":"n","4351":"t","4352":"-","4353":"s","4354":"i","4355":"z","4356":"e","4357":":","4358":" ","4359":"1","4360":"4","4361":"p","4362":"x","4363":";","4364":"\\","4365":"n","4366":"}","4367":"\\","4368":"n","4369":".","4370":"c","4371":"o","4372":"m","4373":"m","4374":"e","4375":"n","4376":"t","4377":"-","4378":"n","4379":"a","4380":"m","4381":"e","4382":" ","4383":"{","4384":"\\","4385":"n","4386":" ","4387":" ","4388":"m","4389":"a","4390":"r","4391":"g","4392":"i","4393":"n","4394":"-","4395":"r","4396":"i","4397":"g","4398":"h","4399":"t","4400":":","4401":" ","4402":"8","4403":"p","4404":"x","4405":";","4406":"\\","4407":"n","4408":"}","4409":"\\","4410":"n","4411":"\\","4412":"n","4413":".","4414":"d","4415":"e","4416":"s","4417":"c","4418":"r","4419":"i","4420":"p","4421":"t","4422":"i","4423":"o","4424":"n","4425":" ","4426":"{","4427":"\\","4428":"n","4429":" ","4430":" ","4431":"t","4432":"e","4433":"x","4434":"t","4435":"-","4436":"a","4437":"l","4438":"i","4439":"g","4440":"n","4441":":","4442":" ","4443":"l","4444":"e","4445":"f","4446":"t","4447":";","4448":"\\","4449":"n","4450":"}","4451":"\\","4452":"n","4453":"\\","4454":"n","4455":".","4456":"t","4457":"o","4458":"g","4459":"g","4460":"l","4461":"e","4462":"-","4463":"c","4464":"o","4465":"m","4466":"m","4467":"e","4468":"n","4469":"t","4470":"s","4471":" ","4472":"{","4473":"\\","4474":"n","4475":" ","4476":" ","4477":"b","4478":"a","4479":"c","4480":"k","4481":"g","4482":"r","4483":"o","4484":"u","4485":"n","4486":"d","4487":":","4488":" ","4489":"n","4490":"o","4491":"n","4492":"e","4493":";","4494":"\\","4495":"n","4496":" ","4497":" ","4498":"p","4499":"a","4500":"d","4501":"d","4502":"i","4503":"n","4504":"g","4505":":","4506":" ","4507":"0","4508":";","4509":"\\","4510":"n","4511":" ","4512":" ","4513":"b","4514":"o","4515":"r","4516":"d","4517":"e","4518":"r","4519":":","4520":" ","4521":"n","4522":"o","4523":"n","4524":"e","4525":";","4526":"\\","4527":"n","4528":" ","4529":" ","4530":"t","4531":"e","4532":"x","4533":"t","4534":"-","4535":"d","4536":"e","4537":"c","4538":"o","4539":"r","4540":"a","4541":"t","4542":"i","4543":"o","4544":"n","4545":":","4546":" ","4547":"u","4548":"n","4549":"d","4550":"e","4551":"r","4552":"l","4553":"i","4554":"n","4555":"e","4556":";","4557":"\\","4558":"n","4559":" ","4560":" ","4561":"c","4562":"u","4563":"r","4564":"s","4565":"o","4566":"r","4567":":","4568":" ","4569":"p","4570":"o","4571":"i","4572":"n","4573":"t","4574":"e","4575":"r","4576":";","4577":"\\","4578":"n","4579":" ","4580":" ","4581":"t","4582":"e","4583":"x","4584":"t","4585":"-","4586":"a","4587":"l","4588":"i","4589":"g","4590":"n","4591":":","4592":" ","4593":"l","4594":"e","4595":"f","4596":"t","4597":";","4598":"\\","4599":"n","4600":" ","4601":" ","4602":"m","4603":"a","4604":"r","4605":"g","4606":"i","4607":"n","4608":"-","4609":"l","4610":"e","4611":"f","4612":"t","4613":":","4614":" ","4615":"2","4616":"4","4617":"p","4618":"x","4619":";","4620":"\\","4621":"n","4622":"}","4623":"\\","4624":"n","4625":"<","4626":"/","4627":"s","4628":"t","4629":"y","4630":"l","4631":"e","4632":">","4633":"\\","4634":"n","4635":"\"","4636":"]","4637":"}"},"_coverageSchema":"1a1c01bbd47fc00a2c39e90264f33305004495a9","hash":"1c55c763e1b4aa5fd9095169bed2df2729058154"}
}
