TN:
SF:src\App.vue
FN:48,render
FNF:1
FNH:1
FNDA:2,render
DA:4,1
DA:5,1
DA:8,1
DA:40,1
DA:43,1
DA:44,1
DA:45,1
DA:49,2
DA:50,2
DA:51,1
LF:10
LH:10
BRF:0
BRH:0
end_of_record
TN:
SF:src\registerServiceWorker.js
FN:7,(anonymous_0)
FN:13,(anonymous_1)
FN:16,(anonymous_2)
FN:19,(anonymous_3)
FN:22,(anonymous_4)
FN:25,(anonymous_5)
FN:30,(anonymous_6)
FNF:7
FNH:0
FNDA:0,(anonymous_0)
FNDA:0,(anonymous_1)
FNDA:0,(anonymous_2)
FNDA:0,(anonymous_3)
FNDA:0,(anonymous_4)
FNDA:0,(anonymous_5)
FNDA:0,(anonymous_6)
DA:5,0
DA:6,0
DA:8,0
DA:14,0
DA:17,0
DA:20,0
DA:23,0
DA:26,0
DA:31,0
LF:9
LH:0
BRDA:5,0,0,0
BRDA:5,0,1,0
BRF:2
BRH:0
end_of_record
TN:
SF:src\components\AvatarImage.vue
FN:98,render
FNF:1
FNH:1
FNDA:39,render
DA:4,7
DA:5,7
DA:8,7
DA:89,7
DA:92,7
DA:93,7
DA:94,7
DA:97,7
DA:99,39
DA:103,7
LF:10
LH:10
BRF:0
BRH:0
end_of_record
TN:
SF:src\components\Header.vue
FN:119,render
FN:124,(anonymous_1)
FN:130,(anonymous_2)
FN:133,(anonymous_3)
FN:133,(anonymous_4)
FNF:5
FNH:4
FNDA:8,render
FNDA:6,(anonymous_1)
FNDA:0,(anonymous_2)
FNDA:2,(anonymous_3)
FNDA:4,(anonymous_4)
DA:4,2
DA:5,2
DA:8,2
DA:106,2
DA:109,2
DA:110,2
DA:111,2
DA:114,2
DA:117,2
DA:120,8
DA:121,8
DA:124,6
DA:130,0
DA:133,2
DA:134,4
DA:142,2
LF:16
LH:15
BRDA:130,0,0,8
BRDA:130,0,1,6
BRF:2
BRH:2
end_of_record
TN:
SF:src\components\NoficationButton.vue
FN:81,render
FN:83,(anonymous_1)
FNF:2
FNH:2
FNDA:12,render
FNDA:3,(anonymous_1)
DA:4,3
DA:7,3
DA:66,3
DA:69,3
DA:70,3
DA:71,3
DA:74,3
DA:80,3
DA:82,12
DA:83,3
DA:90,3
LF:11
LH:11
BRDA:83,0,0,12
BRDA:83,0,1,11
BRF:2
BRH:2
end_of_record
TN:
SF:src\components\PostCard.vue
FN:74,render
FNF:1
FNH:1
FNDA:35,render
DA:4,6
DA:5,6
DA:8,6
DA:53,6
DA:56,6
DA:57,6
DA:58,6
DA:62,6
DA:65,6
DA:68,6
DA:71,6
DA:75,35
DA:79,6
LF:13
LH:13
BRDA:75,0,0,34
BRDA:75,0,1,1
BRF:2
BRH:2
end_of_record
TN:
SF:src\components\PostCollection.vue
FN:93,render
FN:94,(anonymous_1)
FNF:2
FNH:2
FNDA:4,render
FNDA:12,(anonymous_1)
DA:4,5
DA:5,5
DA:8,5
DA:85,5
DA:88,5
DA:89,5
DA:90,5
DA:94,4
DA:95,12
DA:100,5
LF:10
LH:10
BRF:0
BRH:0
end_of_record
TN:
SF:src\components\PostForm.vue
FN:91,render
FN:99,(anonymous_1)
FN:103,(anonymous_2)
FNF:3
FNH:3
FNDA:25,render
FNDA:3,(anonymous_1)
FNDA:3,(anonymous_2)
DA:4,3
DA:7,3
DA:81,3
DA:84,3
DA:85,3
DA:86,3
DA:87,3
DA:92,25
DA:99,3
DA:103,3
DA:105,3
LF:11
LH:11
BRDA:99,0,0,25
BRDA:99,0,1,16
BRDA:103,1,0,25
BRDA:103,1,1,16
BRF:4
BRH:4
end_of_record
TN:
SF:src\components\PostThread.vue
FN:58,render
FN:63,(anonymous_1)
FN:66,(anonymous_2)
FNF:3
FNH:3
FNDA:16,render
FNDA:16,(anonymous_1)
FNDA:16,(anonymous_2)
DA:4,5
DA:5,5
DA:8,5
DA:46,5
DA:49,5
DA:50,5
DA:51,5
DA:55,5
DA:59,16
DA:60,16
DA:63,16
DA:66,16
DA:72,5
LF:13
LH:13
BRDA:60,0,0,15
BRDA:60,0,1,1
BRF:2
BRH:2
end_of_record
TN:
SF:src\router\index.js
FN:13,(anonymous_0)
FNF:1
FNH:0
FNDA:0,(anonymous_0)
DA:4,0
DA:14,0
DA:20,0
LF:3
LH:0
BRF:0
BRH:0
end_of_record
TN:
SF:src\store\index.js
FN:6,(anonymous_0)
FN:48,(anonymous_1)
FN:48,(anonymous_2)
FN:49,(anonymous_3)
FN:51,(anonymous_4)
FN:54,(anonymous_5)
FN:59,(anonymous_6)
FN:62,(anonymous_7)
FN:65,(anonymous_8)
FN:74,(anonymous_9)
FN:75,(anonymous_10)
FN:80,(anonymous_11)
FN:85,(anonymous_12)
FN:88,(anonymous_13)
FN:94,(anonymous_14)
FN:96,(anonymous_15)
FN:99,(anonymous_16)
FN:104,(anonymous_17)
FN:106,(anonymous_18)
FN:109,(anonymous_19)
FN:116,(anonymous_20)
FNF:21
FNH:9
FNDA:32,(anonymous_0)
FNDA:12,(anonymous_1)
FNDA:14,(anonymous_2)
FNDA:42,(anonymous_3)
FNDA:3,(anonymous_4)
FNDA:3,(anonymous_5)
FNDA:12,(anonymous_6)
FNDA:0,(anonymous_7)
FNDA:0,(anonymous_8)
FNDA:0,(anonymous_9)
FNDA:0,(anonymous_10)
FNDA:3,(anonymous_11)
FNDA:1,(anonymous_12)
FNDA:0,(anonymous_13)
FNDA:0,(anonymous_14)
FNDA:0,(anonymous_15)
FNDA:0,(anonymous_16)
FNDA:0,(anonymous_17)
FNDA:0,(anonymous_18)
FNDA:0,(anonymous_19)
FNDA:0,(anonymous_20)
DA:7,32
DA:48,12
DA:49,42
DA:52,3
DA:53,3
DA:54,3
DA:60,12
DA:63,0
DA:66,0
DA:75,0
DA:81,3
DA:86,1
DA:89,0
DA:90,0
DA:91,0
DA:94,0
DA:97,0
DA:100,0
DA:101,0
DA:104,0
DA:107,0
DA:110,0
DA:111,0
DA:112,0
DA:113,0
DA:116,0
LF:26
LH:9
BRDA:89,0,0,0
BRDA:89,0,1,0
BRDA:100,1,0,0
BRDA:100,1,1,0
BRDA:110,2,0,0
BRDA:110,2,1,0
BRF:6
BRH:0
end_of_record
TN:
SF:src\utils\getImage.js
FN:1,(anonymous_0)
FNF:1
FNH:1
FNDA:53,(anonymous_0)
DA:1,53
LF:1
LH:1
BRDA:1,0,0,52
BRDA:1,0,1,1
BRF:2
BRH:2
end_of_record
TN:
SF:src\views\HomeView.vue
FN:48,render
FNF:1
FNH:1
FNDA:1,render
DA:4,4
DA:5,4
DA:8,4
DA:40,4
DA:43,4
DA:44,4
DA:45,4
DA:49,1
DA:50,4
LF:9
LH:9
BRF:0
BRH:0
end_of_record
TN:
SF:src\views\PostExpanded.vue
FN:191,render
FN:199,(anonymous_1)
FN:203,(anonymous_2)
FN:212,(anonymous_3)
FNF:4
FNH:4
FNDA:27,render
FNDA:14,(anonymous_1)
FNDA:14,(anonymous_2)
FNDA:52,(anonymous_3)
DA:4,2
DA:5,2
DA:8,2
DA:159,2
DA:162,2
DA:163,2
DA:164,2
DA:168,2
DA:171,2
DA:174,2
DA:177,2
DA:178,2
DA:181,2
DA:184,2
DA:187,2
DA:188,2
DA:192,27
DA:199,14
DA:203,14
DA:213,52
DA:222,2
LF:21
LH:21
BRDA:192,0,0,27
BRDA:192,0,1,0
BRDA:206,1,0,13
BRDA:206,1,1,14
BRDA:206,2,0,27
BRDA:206,2,1,15
BRDA:206,3,0,13
BRDA:206,3,1,14
BRDA:206,4,0,27
BRDA:206,4,1,15
BRDA:217,5,0,13
BRDA:217,5,1,0
BRDA:221,6,0,10
BRDA:221,6,1,3
BRDA:221,7,0,25
BRDA:221,7,1,2
BRF:16
BRH:14
end_of_record
